2025-02-27 13:39:15,949 - WARNING - PyNaCl is not installed, voice will NOT be supported
2025-02-27 13:39:15,949 - INFO - logging in using static token
2025-02-27 13:39:17,033 - INFO - Shard ID None has connected to Gateway (Session ID: b308569fe598f72b01d9e4a26943e95c).
2025-02-27 13:39:19,037 - INFO - 🎩 merchant_bot is online! Logged in as merchant_bot#0794
2025-02-27 13:39:19,037 - INFO - 🔄 Running setup_hook()...
2025-02-27 13:39:19,039 - INFO - ✅ Successfully loaded admin_commands.py
2025-02-27 13:39:19,041 - INFO - ✅ Successfully loaded economy.py
2025-02-27 13:39:19,041 - INFO - ✅ Successfully loaded shop_browse.py
2025-02-27 13:39:19,042 - INFO - ✅ Successfully loaded shop_requests.py
2025-02-27 13:39:19,042 - INFO - ✅ Successfully loaded shop_transactions.py
2025-02-27 13:39:19,042 - INFO - 🚀 Stanley fully loaded in 0.01 seconds!
2025-02-27 14:35:03,180 - INFO - Shard ID None session has been invalidated.
2025-02-27 14:35:08,644 - INFO - Shard ID None has connected to Gateway (Session ID: a2011d4d4fbf25c71f85c4f42f7453cc).
2025-02-27 14:52:54,153 - INFO - 🎩 merchant_bot is online! Logged in as merchant_bot#0794
2025-02-27 14:52:54,154 - INFO - 🔄 Running setup_hook()...
2025-02-27 14:52:54,154 - ERROR - ❌ Failed to load admin_commands.py: Extension 'admin_commands' is already loaded.
2025-02-27 14:52:54,154 - ERROR - ❌ Failed to load economy.py: Extension 'economy' is already loaded.
2025-02-27 14:52:54,154 - ERROR - ❌ Failed to load shop_browse.py: Extension 'shop_browse' is already loaded.
2025-02-27 14:52:54,154 - ERROR - ❌ Failed to load shop_requests.py: Extension 'shop_requests' is already loaded.
2025-02-27 14:52:54,154 - ERROR - ❌ Failed to load shop_transactions.py: Extension 'shop_transactions' is already loaded.
2025-02-27 14:52:54,155 - INFO - 🚀 Stanley fully loaded in 0.00 seconds!
2025-02-27 14:52:54,378 - INFO - Shard ID None session has been invalidated.
2025-02-27 15:02:03,848 - INFO - Shard ID None session has been invalidated.
2025-02-27 15:02:09,295 - INFO - Shard ID None has connected to Gateway (Session ID: d562f88ba34dbec97f5a1de46fa6ee55).
2025-02-27 15:02:11,299 - INFO - 🎩 merchant_bot is online! Logged in as merchant_bot#0794
2025-02-27 15:02:11,299 - INFO - 🔄 Running setup_hook()...
2025-02-27 15:02:11,299 - ERROR - ❌ Failed to load admin_commands.py: Extension 'admin_commands' is already loaded.
2025-02-27 15:02:11,300 - ERROR - ❌ Failed to load economy.py: Extension 'economy' is already loaded.
2025-02-27 15:02:11,300 - ERROR - ❌ Failed to load shop_browse.py: Extension 'shop_browse' is already loaded.
2025-02-27 15:02:11,300 - ERROR - ❌ Failed to load shop_requests.py: Extension 'shop_requests' is already loaded.
2025-02-27 15:02:11,300 - ERROR - ❌ Failed to load shop_transactions.py: Extension 'shop_transactions' is already loaded.
2025-02-27 15:02:11,300 - INFO - 🚀 Stanley fully loaded in 0.00 seconds!
2025-02-27 15:46:21,905 - INFO - Shard ID None session has been invalidated.
2025-02-27 15:46:27,254 - INFO - Shard ID None has connected to Gateway (Session ID: 50e7dbd109f8044226ec8ec2c302b708).
2025-02-27 15:46:29,261 - INFO - 🎩 merchant_bot is online! Logged in as merchant_bot#0794
2025-02-27 15:46:29,262 - INFO - 🔄 Running setup_hook()...
2025-02-27 15:46:29,262 - ERROR - ❌ Failed to load admin_commands.py: Extension 'admin_commands' is already loaded.
2025-02-27 15:46:29,262 - ERROR - ❌ Failed to load economy.py: Extension 'economy' is already loaded.
2025-02-27 15:46:29,263 - ERROR - ❌ Failed to load shop_browse.py: Extension 'shop_browse' is already loaded.
2025-02-27 15:46:29,263 - ERROR - ❌ Failed to load shop_requests.py: Extension 'shop_requests' is already loaded.
2025-02-27 15:46:29,263 - ERROR - ❌ Failed to load shop_transactions.py: Extension 'shop_transactions' is already loaded.
2025-02-27 15:46:29,263 - INFO - 🚀 Stanley fully loaded in 0.00 seconds!
2025-02-27 16:20:42,473 - INFO - Shard ID None session has been invalidated.
2025-02-27 16:20:47,839 - INFO - Shard ID None has connected to Gateway (Session ID: 6260041594b2321d43a953cf959884da).
2025-02-27 16:20:49,847 - INFO - 🎩 merchant_bot is online! Logged in as merchant_bot#0794
2025-02-27 16:20:49,849 - INFO - 🔄 Running setup_hook()...
2025-02-27 16:20:49,849 - ERROR - ❌ Failed to load admin_commands.py: Extension 'admin_commands' is already loaded.
2025-02-27 16:20:49,850 - ERROR - ❌ Failed to load economy.py: Extension 'economy' is already loaded.
2025-02-27 16:20:49,850 - ERROR - ❌ Failed to load shop_browse.py: Extension 'shop_browse' is already loaded.
2025-02-27 16:20:49,850 - ERROR - ❌ Failed to load shop_requests.py: Extension 'shop_requests' is already loaded.
2025-02-27 16:20:49,850 - ERROR - ❌ Failed to load shop_transactions.py: Extension 'shop_transactions' is already loaded.
2025-02-27 16:20:49,850 - INFO - 🚀 Stanley fully loaded in 0.00 seconds!
2025-02-27 17:05:17,074 - INFO - Shard ID None session has been invalidated.
2025-02-27 17:21:09,973 - INFO - Shard ID None session has been invalidated.
2025-02-27 17:23:48,799 - INFO - Shard ID None session has been invalidated.
2025-02-27 17:23:54,201 - INFO - Shard ID None has connected to Gateway (Session ID: 4d5158f7e0b00acee83656b507dc287b).
2025-02-27 17:23:56,213 - INFO - 🎩 merchant_bot is online! Logged in as merchant_bot#0794
2025-02-27 17:23:56,214 - INFO - 🔄 Running setup_hook()...
2025-02-27 17:23:56,214 - ERROR - ❌ Failed to load admin_commands.py: Extension 'admin_commands' is already loaded.
2025-02-27 17:23:56,214 - ERROR - ❌ Failed to load economy.py: Extension 'economy' is already loaded.
2025-02-27 17:23:56,214 - ERROR - ❌ Failed to load shop_browse.py: Extension 'shop_browse' is already loaded.
2025-02-27 17:23:56,214 - ERROR - ❌ Failed to load shop_requests.py: Extension 'shop_requests' is already loaded.
2025-02-27 17:23:56,214 - ERROR - ❌ Failed to load shop_transactions.py: Extension 'shop_transactions' is already loaded.
2025-02-27 17:23:56,214 - INFO - 🚀 Stanley fully loaded in 0.00 seconds!
2025-02-27 17:35:29,341 - INFO - Shard ID None session has been invalidated.
2025-02-27 17:35:34,802 - INFO - Shard ID None has connected to Gateway (Session ID: 804d667a8ea79eee193dca8cd58b7819).
2025-02-27 17:35:36,808 - INFO - 🎩 merchant_bot is online! Logged in as merchant_bot#0794
2025-02-27 17:35:36,809 - INFO - 🔄 Running setup_hook()...
2025-02-27 17:35:36,810 - ERROR - ❌ Failed to load admin_commands.py: Extension 'admin_commands' is already loaded.
2025-02-27 17:35:36,810 - ERROR - ❌ Failed to load economy.py: Extension 'economy' is already loaded.
2025-02-27 17:35:36,810 - ERROR - ❌ Failed to load shop_browse.py: Extension 'shop_browse' is already loaded.
2025-02-27 17:35:36,810 - ERROR - ❌ Failed to load shop_requests.py: Extension 'shop_requests' is already loaded.
2025-02-27 17:35:36,810 - ERROR - ❌ Failed to load shop_transactions.py: Extension 'shop_transactions' is already loaded.
2025-02-27 17:35:36,810 - INFO - 🚀 Stanley fully loaded in 0.00 seconds!
2025-02-27 17:59:03,179 - ERROR - Ignoring exception in command None
discord.ext.commands.errors.CommandNotFound: Command "identify" is not found
2025-02-27 18:18:21,216 - INFO - Shard ID None session has been invalidated.
2025-02-27 18:18:26,866 - INFO - Shard ID None has connected to Gateway (Session ID: c0a638377c4e5129be4305989b6790f0).
2025-02-27 18:18:28,875 - INFO - 🎩 merchant_bot is online! Logged in as merchant_bot#0794
2025-02-27 18:18:28,879 - INFO - 🔄 Running setup_hook()...
2025-02-27 18:18:28,879 - ERROR - ❌ Failed to load admin_commands.py: Extension 'admin_commands' is already loaded.
2025-02-27 18:18:28,879 - ERROR - ❌ Failed to load economy.py: Extension 'economy' is already loaded.
2025-02-27 18:18:28,880 - ERROR - ❌ Failed to load shop_browse.py: Extension 'shop_browse' is already loaded.
2025-02-27 18:18:28,880 - ERROR - ❌ Failed to load shop_requests.py: Extension 'shop_requests' is already loaded.
2025-02-27 18:18:28,880 - ERROR - ❌ Failed to load shop_transactions.py: Extension 'shop_transactions' is already loaded.
2025-02-27 18:18:28,880 - INFO - 🚀 Stanley fully loaded in 0.00 seconds!
2025-02-27 18:19:14,490 - ERROR - Ignoring exception in command None
discord.ext.commands.errors.CommandNotFound: Command "advance" is not found
2025-02-27 18:31:35,701 - WARNING - PyNaCl is not installed, voice will NOT be supported
2025-02-27 18:31:35,702 - INFO - logging in using static token
2025-02-27 18:31:36,402 - INFO - Shard ID None has connected to Gateway (Session ID: a121cb011214a2c273f02c87dfefda73).
2025-02-27 18:31:38,459 - INFO - 🎩 merchant_bot is online! Logged in as merchant_bot#0794
2025-02-27 18:31:38,461 - INFO - 🔄 Running setup_hook()...
2025-02-27 18:31:38,464 - INFO - ✅ Successfully loaded admin_commands.py
2025-02-27 18:31:38,465 - INFO - ✅ Successfully loaded economy.py
2025-02-27 18:31:38,466 - INFO - ✅ Successfully loaded shop_browse.py
2025-02-27 18:31:38,466 - INFO - ✅ Successfully loaded shop_requests.py
2025-02-27 18:31:38,467 - INFO - ✅ Successfully loaded shop_transactions.py
2025-02-27 18:31:38,467 - INFO - 🚀 Stanley fully loaded in 0.01 seconds!
2025-02-27 19:10:18,994 - INFO - Shard ID None session has been invalidated.
2025-02-27 19:10:24,434 - INFO - Shard ID None has connected to Gateway (Session ID: 3329b3e5bbe898737454a492ec0c8b80).
2025-02-27 19:10:26,447 - INFO - 🎩 merchant_bot is online! Logged in as merchant_bot#0794
2025-02-27 19:10:26,449 - INFO - 🔄 Running setup_hook()...
2025-02-27 19:10:26,450 - ERROR - ❌ Failed to load admin_commands.py: Extension 'admin_commands' is already loaded.
2025-02-27 19:10:26,450 - ERROR - ❌ Failed to load economy.py: Extension 'economy' is already loaded.
2025-02-27 19:10:26,450 - ERROR - ❌ Failed to load shop_browse.py: Extension 'shop_browse' is already loaded.
2025-02-27 19:10:26,450 - ERROR - ❌ Failed to load shop_requests.py: Extension 'shop_requests' is already loaded.
2025-02-27 19:10:26,450 - ERROR - ❌ Failed to load shop_transactions.py: Extension 'shop_transactions' is already loaded.
2025-02-27 19:10:26,450 - INFO - 🚀 Stanley fully loaded in 0.00 seconds!
2025-02-27 19:27:06,649 - INFO - Shard ID None session has been invalidated.
2025-02-27 19:27:12,464 - INFO - Shard ID None has connected to Gateway (Session ID: fd5727252e9088d119025b11d54c7557).
2025-02-27 19:27:14,473 - INFO - 🎩 merchant_bot is online! Logged in as merchant_bot#0794
2025-02-27 19:27:14,475 - INFO - 🔄 Running setup_hook()...
2025-02-27 19:27:14,475 - ERROR - ❌ Failed to load admin_commands.py: Extension 'admin_commands' is already loaded.
2025-02-27 19:27:14,475 - ERROR - ❌ Failed to load economy.py: Extension 'economy' is already loaded.
2025-02-27 19:27:14,476 - ERROR - ❌ Failed to load shop_browse.py: Extension 'shop_browse' is already loaded.
2025-02-27 19:27:14,476 - ERROR - ❌ Failed to load shop_requests.py: Extension 'shop_requests' is already loaded.
2025-02-27 19:27:14,476 - ERROR - ❌ Failed to load shop_transactions.py: Extension 'shop_transactions' is already loaded.
2025-02-27 19:27:14,477 - INFO - 🚀 Stanley fully loaded in 0.00 seconds!
2025-02-27 19:35:15,691 - INFO - Shard ID None session has been invalidated.
2025-02-27 19:35:21,037 - INFO - Shard ID None has connected to Gateway (Session ID: 9cceb34587689eb14474269086cd5275).
2025-02-27 19:35:23,047 - INFO - 🎩 merchant_bot is online! Logged in as merchant_bot#0794
2025-02-27 19:35:23,053 - INFO - 🔄 Running setup_hook()...
2025-02-27 19:35:23,053 - ERROR - ❌ Failed to load admin_commands.py: Extension 'admin_commands' is already loaded.
2025-02-27 19:35:23,053 - ERROR - ❌ Failed to load economy.py: Extension 'economy' is already loaded.
2025-02-27 19:35:23,054 - ERROR - ❌ Failed to load shop_browse.py: Extension 'shop_browse' is already loaded.
2025-02-27 19:35:23,054 - ERROR - ❌ Failed to load shop_requests.py: Extension 'shop_requests' is already loaded.
2025-02-27 19:35:23,054 - ERROR - ❌ Failed to load shop_transactions.py: Extension 'shop_transactions' is already loaded.
2025-02-27 19:35:23,055 - INFO - 🚀 Stanley fully loaded in 0.00 seconds!
2025-02-27 20:03:40,547 - INFO - Shard ID None session has been invalidated.
2025-02-27 20:03:46,492 - INFO - Shard ID None has connected to Gateway (Session ID: 80ffd7b690e8dd880f406debe73fc2d2).
2025-02-27 20:03:48,500 - INFO - 🎩 merchant_bot is online! Logged in as merchant_bot#0794
2025-02-27 20:03:48,502 - INFO - 🔄 Running setup_hook()...
2025-02-27 20:03:48,503 - ERROR - ❌ Failed to load admin_commands.py: Extension 'admin_commands' is already loaded.
2025-02-27 20:03:48,503 - ERROR - ❌ Failed to load economy.py: Extension 'economy' is already loaded.
2025-02-27 20:03:48,504 - ERROR - ❌ Failed to load shop_browse.py: Extension 'shop_browse' is already loaded.
2025-02-27 20:03:48,504 - ERROR - ❌ Failed to load shop_requests.py: Extension 'shop_requests' is already loaded.
2025-02-27 20:03:48,504 - ERROR - ❌ Failed to load shop_transactions.py: Extension 'shop_transactions' is already loaded.
2025-02-27 20:03:48,504 - INFO - 🚀 Stanley fully loaded in 0.00 seconds!
2025-02-27 20:21:35,323 - INFO - Shard ID None session has been invalidated.
2025-02-27 20:21:40,689 - INFO - Shard ID None has connected to Gateway (Session ID: 9ffba05363f85876ec837cba96de0356).
2025-02-27 20:21:42,695 - INFO - 🎩 merchant_bot is online! Logged in as merchant_bot#0794
2025-02-27 20:21:42,697 - INFO - 🔄 Running setup_hook()...
2025-02-27 20:21:42,697 - ERROR - ❌ Failed to load admin_commands.py: Extension 'admin_commands' is already loaded.
2025-02-27 20:21:42,697 - ERROR - ❌ Failed to load economy.py: Extension 'economy' is already loaded.
2025-02-27 20:21:42,698 - ERROR - ❌ Failed to load shop_browse.py: Extension 'shop_browse' is already loaded.
2025-02-27 20:21:42,698 - ERROR - ❌ Failed to load shop_requests.py: Extension 'shop_requests' is already loaded.
2025-02-27 20:21:42,698 - ERROR - ❌ Failed to load shop_transactions.py: Extension 'shop_transactions' is already loaded.
2025-02-27 20:21:42,699 - INFO - 🚀 Stanley fully loaded in 0.00 seconds!
2025-02-27 20:40:37,252 - INFO - Shard ID None session has been invalidated.
2025-02-27 20:40:42,577 - INFO - Shard ID None has connected to Gateway (Session ID: 7b6dbbafb0ed6bf0a41057cf19b46108).
2025-02-27 20:40:44,582 - INFO - 🎩 merchant_bot is online! Logged in as merchant_bot#0794
2025-02-27 20:40:44,584 - INFO - 🔄 Running setup_hook()...
2025-02-27 20:40:44,584 - ERROR - ❌ Failed to load admin_commands.py: Extension 'admin_commands' is already loaded.
2025-02-27 20:40:44,584 - ERROR - ❌ Failed to load economy.py: Extension 'economy' is already loaded.
2025-02-27 20:40:44,585 - ERROR - ❌ Failed to load shop_browse.py: Extension 'shop_browse' is already loaded.
2025-02-27 20:40:44,585 - ERROR - ❌ Failed to load shop_requests.py: Extension 'shop_requests' is already loaded.
2025-02-27 20:40:44,585 - ERROR - ❌ Failed to load shop_transactions.py: Extension 'shop_transactions' is already loaded.
2025-02-27 20:40:44,586 - INFO - 🚀 Stanley fully loaded in 0.00 seconds!
2025-02-27 20:56:57,845 - INFO - Shard ID None session has been invalidated.
2025-02-27 20:57:03,164 - INFO - Shard ID None has connected to Gateway (Session ID: be1be80ab33f24bf962803d5fc016366).
2025-02-27 20:57:05,173 - INFO - 🎩 merchant_bot is online! Logged in as merchant_bot#0794
2025-02-27 20:57:05,175 - INFO - 🔄 Running setup_hook()...
2025-02-27 20:57:05,175 - ERROR - ❌ Failed to load admin_commands.py: Extension 'admin_commands' is already loaded.
2025-02-27 20:57:05,175 - ERROR - ❌ Failed to load economy.py: Extension 'economy' is already loaded.
2025-02-27 20:57:05,175 - ERROR - ❌ Failed to load shop_browse.py: Extension 'shop_browse' is already loaded.
2025-02-27 20:57:05,176 - ERROR - ❌ Failed to load shop_requests.py: Extension 'shop_requests' is already loaded.
2025-02-27 20:57:05,176 - ERROR - ❌ Failed to load shop_transactions.py: Extension 'shop_transactions' is already loaded.
2025-02-27 20:57:05,176 - INFO - 🚀 Stanley fully loaded in 0.00 seconds!
2025-02-27 21:12:37,239 - INFO - Shard ID None session has been invalidated.
2025-02-27 21:12:42,581 - INFO - Shard ID None has connected to Gateway (Session ID: 12f94a3faec732bd093257f073c09ffe).
2025-02-27 21:12:44,584 - INFO - 🎩 merchant_bot is online! Logged in as merchant_bot#0794
2025-02-27 21:12:44,586 - INFO - 🔄 Running setup_hook()...
2025-02-27 21:12:44,587 - ERROR - ❌ Failed to load admin_commands.py: Extension 'admin_commands' is already loaded.
2025-02-27 21:12:44,587 - ERROR - ❌ Failed to load economy.py: Extension 'economy' is already loaded.
2025-02-27 21:12:44,588 - ERROR - ❌ Failed to load shop_browse.py: Extension 'shop_browse' is already loaded.
2025-02-27 21:12:44,588 - ERROR - ❌ Failed to load shop_requests.py: Extension 'shop_requests' is already loaded.
2025-02-27 21:12:44,588 - ERROR - ❌ Failed to load shop_transactions.py: Extension 'shop_transactions' is already loaded.
2025-02-27 21:12:44,588 - INFO - 🚀 Stanley fully loaded in 0.00 seconds!
2025-02-27 21:29:27,914 - INFO - Shard ID None session has been invalidated.
2025-02-27 21:29:33,442 - INFO - Shard ID None has connected to Gateway (Session ID: b491fb5ab7d4ab1920688f17b884c920).
2025-02-27 21:29:35,450 - INFO - 🎩 merchant_bot is online! Logged in as merchant_bot#0794
2025-02-27 21:29:35,453 - INFO - 🔄 Running setup_hook()...
2025-02-27 21:29:35,453 - ERROR - ❌ Failed to load admin_commands.py: Extension 'admin_commands' is already loaded.
2025-02-27 21:29:35,454 - ERROR - ❌ Failed to load economy.py: Extension 'economy' is already loaded.
2025-02-27 21:29:35,454 - ERROR - ❌ Failed to load shop_browse.py: Extension 'shop_browse' is already loaded.
2025-02-27 21:29:35,454 - ERROR - ❌ Failed to load shop_requests.py: Extension 'shop_requests' is already loaded.
2025-02-27 21:29:35,454 - ERROR - ❌ Failed to load shop_transactions.py: Extension 'shop_transactions' is already loaded.
2025-02-27 21:29:35,454 - INFO - 🚀 Stanley fully loaded in 0.00 seconds!
2025-02-27 21:41:40,794 - INFO - Shard ID None session has been invalidated.
2025-02-27 21:41:46,299 - INFO - Shard ID None has connected to Gateway (Session ID: d2cc32eca53ddfecd9a9a39c239449c2).
2025-02-27 21:41:48,305 - INFO - 🎩 merchant_bot is online! Logged in as merchant_bot#0794
2025-02-27 21:41:48,307 - INFO - 🔄 Running setup_hook()...
2025-02-27 21:41:48,307 - ERROR - ❌ Failed to load admin_commands.py: Extension 'admin_commands' is already loaded.
2025-02-27 21:41:48,307 - ERROR - ❌ Failed to load economy.py: Extension 'economy' is already loaded.
2025-02-27 21:41:48,307 - ERROR - ❌ Failed to load shop_browse.py: Extension 'shop_browse' is already loaded.
2025-02-27 21:41:48,307 - ERROR - ❌ Failed to load shop_requests.py: Extension 'shop_requests' is already loaded.
2025-02-27 21:41:48,307 - ERROR - ❌ Failed to load shop_transactions.py: Extension 'shop_transactions' is already loaded.
2025-02-27 21:41:48,307 - INFO - 🚀 Stanley fully loaded in 0.00 seconds!
2025-02-27 21:59:37,787 - INFO - Shard ID None session has been invalidated.
2025-02-27 21:59:43,155 - INFO - Shard ID None has connected to Gateway (Session ID: 32a5026b3a07c8eb80b12acc5987d349).
2025-02-27 21:59:45,159 - INFO - 🎩 merchant_bot is online! Logged in as merchant_bot#0794
2025-02-27 21:59:45,163 - INFO - 🔄 Running setup_hook()...
2025-02-27 21:59:45,163 - ERROR - ❌ Failed to load admin_commands.py: Extension 'admin_commands' is already loaded.
2025-02-27 21:59:45,163 - ERROR - ❌ Failed to load economy.py: Extension 'economy' is already loaded.
2025-02-27 21:59:45,163 - ERROR - ❌ Failed to load shop_browse.py: Extension 'shop_browse' is already loaded.
2025-02-27 21:59:45,163 - ERROR - ❌ Failed to load shop_requests.py: Extension 'shop_requests' is already loaded.
2025-02-27 21:59:45,163 - ERROR - ❌ Failed to load shop_transactions.py: Extension 'shop_transactions' is already loaded.
2025-02-27 21:59:45,164 - INFO - 🚀 Stanley fully loaded in 0.00 seconds!
2025-02-27 22:16:18,363 - INFO - Shard ID None session has been invalidated.
2025-02-27 22:16:23,653 - INFO - Shard ID None has connected to Gateway (Session ID: ecf16e55d56bf33a3c6b745763d46d2f).
2025-02-27 22:16:25,660 - INFO - 🎩 merchant_bot is online! Logged in as merchant_bot#0794
2025-02-27 22:16:25,662 - INFO - 🔄 Running setup_hook()...
2025-02-27 22:16:25,663 - ERROR - ❌ Failed to load admin_commands.py: Extension 'admin_commands' is already loaded.
2025-02-27 22:16:25,663 - ERROR - ❌ Failed to load economy.py: Extension 'economy' is already loaded.
2025-02-27 22:16:25,663 - ERROR - ❌ Failed to load shop_browse.py: Extension 'shop_browse' is already loaded.
2025-02-27 22:16:25,663 - ERROR - ❌ Failed to load shop_requests.py: Extension 'shop_requests' is already loaded.
2025-02-27 22:16:25,663 - ERROR - ❌ Failed to load shop_transactions.py: Extension 'shop_transactions' is already loaded.
2025-02-27 22:16:25,663 - INFO - 🚀 Stanley fully loaded in 0.00 seconds!
2025-02-27 22:32:22,767 - INFO - Shard ID None session has been invalidated.
2025-02-27 22:32:28,112 - INFO - Shard ID None has connected to Gateway (Session ID: 08f1e99563b7901ba4bcf86f0239125d).
2025-02-27 22:32:30,119 - INFO - 🎩 merchant_bot is online! Logged in as merchant_bot#0794
2025-02-27 22:32:30,121 - INFO - 🔄 Running setup_hook()...
2025-02-27 22:32:30,121 - ERROR - ❌ Failed to load admin_commands.py: Extension 'admin_commands' is already loaded.
2025-02-27 22:32:30,121 - ERROR - ❌ Failed to load economy.py: Extension 'economy' is already loaded.
2025-02-27 22:32:30,122 - ERROR - ❌ Failed to load shop_browse.py: Extension 'shop_browse' is already loaded.
2025-02-27 22:32:30,123 - ERROR - ❌ Failed to load shop_requests.py: Extension 'shop_requests' is already loaded.
2025-02-27 22:32:30,123 - ERROR - ❌ Failed to load shop_transactions.py: Extension 'shop_transactions' is already loaded.
2025-02-27 22:32:30,123 - INFO - 🚀 Stanley fully loaded in 0.00 seconds!
2025-02-27 22:43:10,653 - INFO - Shard ID None session has been invalidated.
2025-02-27 22:43:15,983 - INFO - Shard ID None has connected to Gateway (Session ID: 135765ba4729ec0e9ddf5046cba453f7).
2025-02-27 22:43:17,990 - INFO - 🎩 merchant_bot is online! Logged in as merchant_bot#0794
2025-02-27 22:43:17,992 - INFO - 🔄 Running setup_hook()...
2025-02-27 22:43:17,992 - ERROR - ❌ Failed to load admin_commands.py: Extension 'admin_commands' is already loaded.
2025-02-27 22:43:17,992 - ERROR - ❌ Failed to load economy.py: Extension 'economy' is already loaded.
2025-02-27 22:43:17,992 - ERROR - ❌ Failed to load shop_browse.py: Extension 'shop_browse' is already loaded.
2025-02-27 22:43:17,993 - ERROR - ❌ Failed to load shop_requests.py: Extension 'shop_requests' is already loaded.
2025-02-27 22:43:17,995 - ERROR - ❌ Failed to load shop_transactions.py: Extension 'shop_transactions' is already loaded.
2025-02-27 22:43:17,995 - INFO - 🚀 Stanley fully loaded in 0.00 seconds!
2025-02-27 23:01:48,921 - INFO - Shard ID None session has been invalidated.
2025-02-27 23:01:54,221 - INFO - Shard ID None has connected to Gateway (Session ID: 189f12d7a48c782df5d8370fb50d9b4d).
2025-02-27 23:01:56,256 - INFO - 🎩 merchant_bot is online! Logged in as merchant_bot#0794
2025-02-27 23:01:56,259 - INFO - 🔄 Running setup_hook()...
2025-02-27 23:01:56,259 - ERROR - ❌ Failed to load admin_commands.py: Extension 'admin_commands' is already loaded.
2025-02-27 23:01:56,259 - ERROR - ❌ Failed to load economy.py: Extension 'economy' is already loaded.
2025-02-27 23:01:56,260 - ERROR - ❌ Failed to load shop_browse.py: Extension 'shop_browse' is already loaded.
2025-02-27 23:01:56,260 - ERROR - ❌ Failed to load shop_requests.py: Extension 'shop_requests' is already loaded.
2025-02-27 23:01:56,260 - ERROR - ❌ Failed to load shop_transactions.py: Extension 'shop_transactions' is already loaded.
2025-02-27 23:01:56,260 - INFO - 🚀 Stanley fully loaded in 0.00 seconds!
2025-02-27 23:19:13,611 - INFO - Shard ID None session has been invalidated.
2025-02-27 23:19:18,965 - INFO - Shard ID None has connected to Gateway (Session ID: 8c11622ec56e849e7a486f0b361c060f).
2025-02-27 23:19:20,975 - INFO - 🎩 merchant_bot is online! Logged in as merchant_bot#0794
2025-02-27 23:19:20,978 - INFO - 🔄 Running setup_hook()...
2025-02-27 23:19:20,978 - ERROR - ❌ Failed to load admin_commands.py: Extension 'admin_commands' is already loaded.
2025-02-27 23:19:20,978 - ERROR - ❌ Failed to load economy.py: Extension 'economy' is already loaded.
2025-02-27 23:19:20,979 - ERROR - ❌ Failed to load shop_browse.py: Extension 'shop_browse' is already loaded.
2025-02-27 23:19:20,979 - ERROR - ❌ Failed to load shop_requests.py: Extension 'shop_requests' is already loaded.
2025-02-27 23:19:20,979 - ERROR - ❌ Failed to load shop_transactions.py: Extension 'shop_transactions' is already loaded.
2025-02-27 23:19:20,979 - INFO - 🚀 Stanley fully loaded in 0.00 seconds!
2025-02-27 23:37:51,011 - INFO - Shard ID None session has been invalidated.
2025-02-27 23:37:56,769 - INFO - Shard ID None has connected to Gateway (Session ID: 3c72fba88ec920e5db449b52b8b5a17b).
2025-02-27 23:37:58,777 - INFO - 🎩 merchant_bot is online! Logged in as merchant_bot#0794
2025-02-27 23:37:58,780 - INFO - 🔄 Running setup_hook()...
2025-02-27 23:37:58,781 - ERROR - ❌ Failed to load admin_commands.py: Extension 'admin_commands' is already loaded.
2025-02-27 23:37:58,781 - ERROR - ❌ Failed to load economy.py: Extension 'economy' is already loaded.
2025-02-27 23:37:58,781 - ERROR - ❌ Failed to load shop_browse.py: Extension 'shop_browse' is already loaded.
2025-02-27 23:37:58,781 - ERROR - ❌ Failed to load shop_requests.py: Extension 'shop_requests' is already loaded.
2025-02-27 23:37:58,781 - ERROR - ❌ Failed to load shop_transactions.py: Extension 'shop_transactions' is already loaded.
2025-02-27 23:37:58,781 - INFO - 🚀 Stanley fully loaded in 0.00 seconds!
2025-02-27 23:56:51,704 - INFO - Shard ID None session has been invalidated.
2025-02-27 23:56:57,154 - INFO - Shard ID None has connected to Gateway (Session ID: fb18ae7ad9e9c6484b817a6b77fd1147).
2025-02-27 23:56:59,159 - INFO - 🎩 merchant_bot is online! Logged in as merchant_bot#0794
2025-02-27 23:56:59,161 - INFO - 🔄 Running setup_hook()...
2025-02-27 23:56:59,161 - ERROR - ❌ Failed to load admin_commands.py: Extension 'admin_commands' is already loaded.
2025-02-27 23:56:59,162 - ERROR - ❌ Failed to load economy.py: Extension 'economy' is already loaded.
2025-02-27 23:56:59,162 - ERROR - ❌ Failed to load shop_browse.py: Extension 'shop_browse' is already loaded.
2025-02-27 23:56:59,164 - ERROR - ❌ Failed to load shop_requests.py: Extension 'shop_requests' is already loaded.
2025-02-27 23:56:59,164 - ERROR - ❌ Failed to load shop_transactions.py: Extension 'shop_transactions' is already loaded.
2025-02-27 23:56:59,164 - INFO - 🚀 Stanley fully loaded in 0.00 seconds!
2025-02-28 00:12:48,075 - INFO - Shard ID None session has been invalidated.
2025-02-28 00:12:53,383 - INFO - Shard ID None has connected to Gateway (Session ID: 6a2be46348f164fd221726f5fe8cdf88).
2025-02-28 00:12:55,388 - INFO - 🎩 merchant_bot is online! Logged in as merchant_bot#0794
2025-02-28 00:12:55,390 - INFO - 🔄 Running setup_hook()...
2025-02-28 00:12:55,391 - ERROR - ❌ Failed to load admin_commands.py: Extension 'admin_commands' is already loaded.
2025-02-28 00:12:55,391 - ERROR - ❌ Failed to load economy.py: Extension 'economy' is already loaded.
2025-02-28 00:12:55,391 - ERROR - ❌ Failed to load shop_browse.py: Extension 'shop_browse' is already loaded.
2025-02-28 00:12:55,392 - ERROR - ❌ Failed to load shop_requests.py: Extension 'shop_requests' is already loaded.
2025-02-28 00:12:55,392 - ERROR - ❌ Failed to load shop_transactions.py: Extension 'shop_transactions' is already loaded.
2025-02-28 00:12:55,392 - INFO - 🚀 Stanley fully loaded in 0.00 seconds!
2025-02-28 00:30:39,357 - INFO - Shard ID None session has been invalidated.
2025-02-28 00:30:44,753 - INFO - Shard ID None has connected to Gateway (Session ID: b0d02356d4309e3949fe5bd1721fd855).
2025-02-28 00:30:46,771 - INFO - 🎩 merchant_bot is online! Logged in as merchant_bot#0794
2025-02-28 00:30:46,774 - INFO - 🔄 Running setup_hook()...
2025-02-28 00:30:46,775 - ERROR - ❌ Failed to load admin_commands.py: Extension 'admin_commands' is already loaded.
2025-02-28 00:30:46,775 - ERROR - ❌ Failed to load economy.py: Extension 'economy' is already loaded.
2025-02-28 00:30:46,775 - ERROR - ❌ Failed to load shop_browse.py: Extension 'shop_browse' is already loaded.
2025-02-28 00:30:46,775 - ERROR - ❌ Failed to load shop_requests.py: Extension 'shop_requests' is already loaded.
2025-02-28 00:30:46,776 - ERROR - ❌ Failed to load shop_transactions.py: Extension 'shop_transactions' is already loaded.
2025-02-28 00:30:46,777 - INFO - 🚀 Stanley fully loaded in 0.00 seconds!
2025-02-28 00:48:26,684 - INFO - Shard ID None session has been invalidated.
2025-02-28 00:48:32,013 - INFO - Shard ID None has connected to Gateway (Session ID: 3382eda66f458894197aa3dafa6c9e8a).
2025-02-28 00:48:34,022 - INFO - 🎩 merchant_bot is online! Logged in as merchant_bot#0794
2025-02-28 00:48:34,024 - INFO - 🔄 Running setup_hook()...
2025-02-28 00:48:34,025 - ERROR - ❌ Failed to load admin_commands.py: Extension 'admin_commands' is already loaded.
2025-02-28 00:48:34,025 - ERROR - ❌ Failed to load economy.py: Extension 'economy' is already loaded.
2025-02-28 00:48:34,025 - ERROR - ❌ Failed to load shop_browse.py: Extension 'shop_browse' is already loaded.
2025-02-28 00:48:34,025 - ERROR - ❌ Failed to load shop_requests.py: Extension 'shop_requests' is already loaded.
2025-02-28 00:48:34,025 - ERROR - ❌ Failed to load shop_transactions.py: Extension 'shop_transactions' is already loaded.
2025-02-28 00:48:34,026 - INFO - 🚀 Stanley fully loaded in 0.00 seconds!
2025-02-28 01:06:14,081 - INFO - Shard ID None session has been invalidated.
2025-02-28 01:06:19,426 - INFO - Shard ID None has connected to Gateway (Session ID: e3ba5082bf64b0f31b300837eed0fa76).
2025-02-28 01:06:21,434 - INFO - 🎩 merchant_bot is online! Logged in as merchant_bot#0794
2025-02-28 01:06:21,437 - INFO - 🔄 Running setup_hook()...
2025-02-28 01:06:21,437 - ERROR - ❌ Failed to load admin_commands.py: Extension 'admin_commands' is already loaded.
2025-02-28 01:06:21,437 - ERROR - ❌ Failed to load economy.py: Extension 'economy' is already loaded.
2025-02-28 01:06:21,438 - ERROR - ❌ Failed to load shop_browse.py: Extension 'shop_browse' is already loaded.
2025-02-28 01:06:21,438 - ERROR - ❌ Failed to load shop_requests.py: Extension 'shop_requests' is already loaded.
2025-02-28 01:06:21,438 - ERROR - ❌ Failed to load shop_transactions.py: Extension 'shop_transactions' is already loaded.
2025-02-28 01:06:21,439 - INFO - 🚀 Stanley fully loaded in 0.00 seconds!
2025-02-28 01:23:47,680 - INFO - Shard ID None session has been invalidated.
2025-02-28 01:23:53,098 - INFO - Shard ID None has connected to Gateway (Session ID: b145475a71b239c154c87c624bcf19a4).
2025-02-28 01:23:55,107 - INFO - 🎩 merchant_bot is online! Logged in as merchant_bot#0794
2025-02-28 01:23:55,109 - INFO - 🔄 Running setup_hook()...
2025-02-28 01:23:55,109 - ERROR - ❌ Failed to load admin_commands.py: Extension 'admin_commands' is already loaded.
2025-02-28 01:23:55,109 - ERROR - ❌ Failed to load economy.py: Extension 'economy' is already loaded.
2025-02-28 01:23:55,109 - ERROR - ❌ Failed to load shop_browse.py: Extension 'shop_browse' is already loaded.
2025-02-28 01:23:55,109 - ERROR - ❌ Failed to load shop_requests.py: Extension 'shop_requests' is already loaded.
2025-02-28 01:23:55,110 - ERROR - ❌ Failed to load shop_transactions.py: Extension 'shop_transactions' is already loaded.
2025-02-28 01:23:55,110 - INFO - 🚀 Stanley fully loaded in 0.00 seconds!
2025-02-28 01:43:35,741 - INFO - Shard ID None session has been invalidated.
2025-02-28 01:43:41,726 - INFO - Shard ID None has connected to Gateway (Session ID: c7ed46e75c6e56f894485e5d69a386a7).
2025-02-28 01:43:43,736 - INFO - 🎩 merchant_bot is online! Logged in as merchant_bot#0794
2025-02-28 01:43:43,739 - INFO - 🔄 Running setup_hook()...
2025-02-28 01:43:43,739 - ERROR - ❌ Failed to load admin_commands.py: Extension 'admin_commands' is already loaded.
2025-02-28 01:43:43,740 - ERROR - ❌ Failed to load economy.py: Extension 'economy' is already loaded.
2025-02-28 01:43:43,740 - ERROR - ❌ Failed to load shop_browse.py: Extension 'shop_browse' is already loaded.
2025-02-28 01:43:43,740 - ERROR - ❌ Failed to load shop_requests.py: Extension 'shop_requests' is already loaded.
2025-02-28 01:43:43,740 - ERROR - ❌ Failed to load shop_transactions.py: Extension 'shop_transactions' is already loaded.
2025-02-28 01:43:43,740 - INFO - 🚀 Stanley fully loaded in 0.00 seconds!
2025-02-28 01:55:03,911 - INFO - Shard ID None session has been invalidated.
2025-02-28 01:55:09,302 - INFO - Shard ID None has connected to Gateway (Session ID: 3d7235a831860e7909ef6cb0943be37b).
2025-02-28 01:55:11,312 - INFO - 🎩 merchant_bot is online! Logged in as merchant_bot#0794
2025-02-28 01:55:11,314 - INFO - 🔄 Running setup_hook()...
2025-02-28 01:55:11,314 - ERROR - ❌ Failed to load admin_commands.py: Extension 'admin_commands' is already loaded.
2025-02-28 01:55:11,314 - ERROR - ❌ Failed to load economy.py: Extension 'economy' is already loaded.
2025-02-28 01:55:11,315 - ERROR - ❌ Failed to load shop_browse.py: Extension 'shop_browse' is already loaded.
2025-02-28 01:55:11,315 - ERROR - ❌ Failed to load shop_requests.py: Extension 'shop_requests' is already loaded.
2025-02-28 01:55:11,315 - ERROR - ❌ Failed to load shop_transactions.py: Extension 'shop_transactions' is already loaded.
2025-02-28 01:55:11,315 - INFO - 🚀 Stanley fully loaded in 0.00 seconds!
2025-02-28 02:11:17,508 - INFO - Shard ID None session has been invalidated.
2025-02-28 02:11:22,823 - INFO - Shard ID None has connected to Gateway (Session ID: d8e0e029225c0c687f9e6c1e6407d638).
2025-02-28 02:11:24,838 - INFO - 🎩 merchant_bot is online! Logged in as merchant_bot#0794
2025-02-28 02:11:24,841 - INFO - 🔄 Running setup_hook()...
2025-02-28 02:11:24,841 - ERROR - ❌ Failed to load admin_commands.py: Extension 'admin_commands' is already loaded.
2025-02-28 02:11:24,841 - ERROR - ❌ Failed to load economy.py: Extension 'economy' is already loaded.
2025-02-28 02:11:24,841 - ERROR - ❌ Failed to load shop_browse.py: Extension 'shop_browse' is already loaded.
2025-02-28 02:11:24,842 - ERROR - ❌ Failed to load shop_requests.py: Extension 'shop_requests' is already loaded.
2025-02-28 02:11:24,843 - ERROR - ❌ Failed to load shop_transactions.py: Extension 'shop_transactions' is already loaded.
2025-02-28 02:11:24,843 - INFO - 🚀 Stanley fully loaded in 0.00 seconds!
2025-02-28 02:29:11,091 - INFO - Shard ID None session has been invalidated.
2025-02-28 02:29:16,799 - INFO - Shard ID None has connected to Gateway (Session ID: eda71b5fe29aed285cf817f6e81119cc).
2025-02-28 02:29:18,841 - INFO - 🎩 merchant_bot is online! Logged in as merchant_bot#0794
2025-02-28 02:29:18,843 - INFO - 🔄 Running setup_hook()...
2025-02-28 02:29:18,844 - ERROR - ❌ Failed to load admin_commands.py: Extension 'admin_commands' is already loaded.
2025-02-28 02:29:18,844 - ERROR - ❌ Failed to load economy.py: Extension 'economy' is already loaded.
2025-02-28 02:29:18,844 - ERROR - ❌ Failed to load shop_browse.py: Extension 'shop_browse' is already loaded.
2025-02-28 02:29:18,845 - ERROR - ❌ Failed to load shop_requests.py: Extension 'shop_requests' is already loaded.
2025-02-28 02:29:18,845 - ERROR - ❌ Failed to load shop_transactions.py: Extension 'shop_transactions' is already loaded.
2025-02-28 02:29:18,846 - INFO - 🚀 Stanley fully loaded in 0.00 seconds!
2025-02-28 02:47:02,786 - INFO - Shard ID None session has been invalidated.
2025-02-28 02:47:08,111 - INFO - Shard ID None has connected to Gateway (Session ID: 5ec28c398f2e2b296a5d41e257998772).
2025-02-28 02:47:10,119 - INFO - 🎩 merchant_bot is online! Logged in as merchant_bot#0794
2025-02-28 02:47:10,122 - INFO - 🔄 Running setup_hook()...
2025-02-28 02:47:10,123 - ERROR - ❌ Failed to load admin_commands.py: Extension 'admin_commands' is already loaded.
2025-02-28 02:47:10,123 - ERROR - ❌ Failed to load economy.py: Extension 'economy' is already loaded.
2025-02-28 02:47:10,124 - ERROR - ❌ Failed to load shop_browse.py: Extension 'shop_browse' is already loaded.
2025-02-28 02:47:10,124 - ERROR - ❌ Failed to load shop_requests.py: Extension 'shop_requests' is already loaded.
2025-02-28 02:47:10,124 - ERROR - ❌ Failed to load shop_transactions.py: Extension 'shop_transactions' is already loaded.
2025-02-28 02:47:10,124 - INFO - 🚀 Stanley fully loaded in 0.00 seconds!
2025-02-28 03:04:53,640 - INFO - Shard ID None session has been invalidated.
2025-02-28 03:04:59,298 - INFO - Shard ID None has connected to Gateway (Session ID: 24947870b7e5cbefb5cf12267440bc8b).
2025-02-28 03:05:01,308 - INFO - 🎩 merchant_bot is online! Logged in as merchant_bot#0794
2025-02-28 03:05:01,311 - INFO - 🔄 Running setup_hook()...
2025-02-28 03:05:01,311 - ERROR - ❌ Failed to load admin_commands.py: Extension 'admin_commands' is already loaded.
2025-02-28 03:05:01,312 - ERROR - ❌ Failed to load economy.py: Extension 'economy' is already loaded.
2025-02-28 03:05:01,312 - ERROR - ❌ Failed to load shop_browse.py: Extension 'shop_browse' is already loaded.
2025-02-28 03:05:01,312 - ERROR - ❌ Failed to load shop_requests.py: Extension 'shop_requests' is already loaded.
2025-02-28 03:05:01,313 - ERROR - ❌ Failed to load shop_transactions.py: Extension 'shop_transactions' is already loaded.
2025-02-28 03:05:01,313 - INFO - 🚀 Stanley fully loaded in 0.00 seconds!
2025-02-28 03:25:44,612 - INFO - Shard ID None session has been invalidated.
2025-02-28 03:25:50,155 - INFO - Shard ID None has connected to Gateway (Session ID: 63c3611253a00c1d5c58695e8c489bc4).
2025-02-28 03:25:52,164 - INFO - 🎩 merchant_bot is online! Logged in as merchant_bot#0794
2025-02-28 03:25:52,166 - INFO - 🔄 Running setup_hook()...
2025-02-28 03:25:52,167 - ERROR - ❌ Failed to load admin_commands.py: Extension 'admin_commands' is already loaded.
2025-02-28 03:25:52,168 - ERROR - ❌ Failed to load economy.py: Extension 'economy' is already loaded.
2025-02-28 03:25:52,168 - ERROR - ❌ Failed to load shop_browse.py: Extension 'shop_browse' is already loaded.
2025-02-28 03:25:52,168 - ERROR - ❌ Failed to load shop_requests.py: Extension 'shop_requests' is already loaded.
2025-02-28 03:25:52,168 - ERROR - ❌ Failed to load shop_transactions.py: Extension 'shop_transactions' is already loaded.
2025-02-28 03:25:52,168 - INFO - 🚀 Stanley fully loaded in 0.00 seconds!
2025-02-28 03:45:22,100 - INFO - Shard ID None session has been invalidated.
2025-02-28 03:45:27,747 - INFO - Shard ID None has connected to Gateway (Session ID: 78610c319b6c9c9eb87ed5857b2c8074).
2025-02-28 03:45:29,755 - INFO - 🎩 merchant_bot is online! Logged in as merchant_bot#0794
2025-02-28 03:45:29,757 - INFO - 🔄 Running setup_hook()...
2025-02-28 03:45:29,757 - ERROR - ❌ Failed to load admin_commands.py: Extension 'admin_commands' is already loaded.
2025-02-28 03:45:29,758 - ERROR - ❌ Failed to load economy.py: Extension 'economy' is already loaded.
2025-02-28 03:45:29,758 - ERROR - ❌ Failed to load shop_browse.py: Extension 'shop_browse' is already loaded.
2025-02-28 03:45:29,758 - ERROR - ❌ Failed to load shop_requests.py: Extension 'shop_requests' is already loaded.
2025-02-28 03:45:29,758 - ERROR - ❌ Failed to load shop_transactions.py: Extension 'shop_transactions' is already loaded.
2025-02-28 03:45:29,758 - INFO - 🚀 Stanley fully loaded in 0.00 seconds!
2025-02-28 04:03:07,558 - INFO - Shard ID None session has been invalidated.
2025-02-28 04:03:12,871 - INFO - Shard ID None has connected to Gateway (Session ID: 3565c6d29c6a9dc00b76a52bd707f6e9).
2025-02-28 04:03:14,878 - INFO - 🎩 merchant_bot is online! Logged in as merchant_bot#0794
2025-02-28 04:03:14,882 - INFO - 🔄 Running setup_hook()...
2025-02-28 04:03:14,883 - ERROR - ❌ Failed to load admin_commands.py: Extension 'admin_commands' is already loaded.
2025-02-28 04:03:14,883 - ERROR - ❌ Failed to load economy.py: Extension 'economy' is already loaded.
2025-02-28 04:03:14,884 - ERROR - ❌ Failed to load shop_browse.py: Extension 'shop_browse' is already loaded.
2025-02-28 04:03:14,884 - ERROR - ❌ Failed to load shop_requests.py: Extension 'shop_requests' is already loaded.
2025-02-28 04:03:14,884 - ERROR - ❌ Failed to load shop_transactions.py: Extension 'shop_transactions' is already loaded.
2025-02-28 04:03:14,885 - INFO - 🚀 Stanley fully loaded in 0.00 seconds!
2025-02-28 04:21:36,497 - INFO - Shard ID None session has been invalidated.
2025-02-28 04:21:41,876 - INFO - Shard ID None has connected to Gateway (Session ID: 2df09a18179814abaca332607b481a6d).
2025-02-28 04:21:43,884 - INFO - 🎩 merchant_bot is online! Logged in as merchant_bot#0794
2025-02-28 04:21:43,885 - INFO - 🔄 Running setup_hook()...
2025-02-28 04:21:43,886 - ERROR - ❌ Failed to load admin_commands.py: Extension 'admin_commands' is already loaded.
2025-02-28 04:21:43,886 - ERROR - ❌ Failed to load economy.py: Extension 'economy' is already loaded.
2025-02-28 04:21:43,886 - ERROR - ❌ Failed to load shop_browse.py: Extension 'shop_browse' is already loaded.
2025-02-28 04:21:43,887 - ERROR - ❌ Failed to load shop_requests.py: Extension 'shop_requests' is already loaded.
2025-02-28 04:21:43,887 - ERROR - ❌ Failed to load shop_transactions.py: Extension 'shop_transactions' is already loaded.
2025-02-28 04:21:43,887 - INFO - 🚀 Stanley fully loaded in 0.00 seconds!
2025-02-28 04:38:57,513 - INFO - Shard ID None session has been invalidated.
2025-02-28 04:39:02,887 - INFO - Shard ID None has connected to Gateway (Session ID: 4b5c2a768d24a8ede8b86984a2388f4a).
2025-02-28 04:39:04,895 - INFO - 🎩 merchant_bot is online! Logged in as merchant_bot#0794
2025-02-28 04:39:04,898 - INFO - 🔄 Running setup_hook()...
2025-02-28 04:39:04,898 - ERROR - ❌ Failed to load admin_commands.py: Extension 'admin_commands' is already loaded.
2025-02-28 04:39:04,898 - ERROR - ❌ Failed to load economy.py: Extension 'economy' is already loaded.
2025-02-28 04:39:04,898 - ERROR - ❌ Failed to load shop_browse.py: Extension 'shop_browse' is already loaded.
2025-02-28 04:39:04,898 - ERROR - ❌ Failed to load shop_requests.py: Extension 'shop_requests' is already loaded.
2025-02-28 04:39:04,898 - ERROR - ❌ Failed to load shop_transactions.py: Extension 'shop_transactions' is already loaded.
2025-02-28 04:39:04,899 - INFO - 🚀 Stanley fully loaded in 0.00 seconds!
2025-02-28 04:57:29,459 - INFO - Shard ID None session has been invalidated.
2025-02-28 04:57:34,832 - INFO - Shard ID None has connected to Gateway (Session ID: 51158e288dd9d431cac9f12652f72cba).
2025-02-28 04:57:36,840 - INFO - 🎩 merchant_bot is online! Logged in as merchant_bot#0794
2025-02-28 04:57:36,842 - INFO - 🔄 Running setup_hook()...
2025-02-28 04:57:36,842 - ERROR - ❌ Failed to load admin_commands.py: Extension 'admin_commands' is already loaded.
2025-02-28 04:57:36,843 - ERROR - ❌ Failed to load economy.py: Extension 'economy' is already loaded.
2025-02-28 04:57:36,844 - ERROR - ❌ Failed to load shop_browse.py: Extension 'shop_browse' is already loaded.
2025-02-28 04:57:36,844 - ERROR - ❌ Failed to load shop_requests.py: Extension 'shop_requests' is already loaded.
2025-02-28 04:57:36,845 - ERROR - ❌ Failed to load shop_transactions.py: Extension 'shop_transactions' is already loaded.
2025-02-28 04:57:36,845 - INFO - 🚀 Stanley fully loaded in 0.00 seconds!
2025-02-28 05:13:11,849 - INFO - Shard ID None session has been invalidated.
2025-02-28 05:13:17,157 - INFO - Shard ID None has connected to Gateway (Session ID: 3651346403812c56bfea84944f574ee1).
2025-02-28 05:13:19,166 - INFO - 🎩 merchant_bot is online! Logged in as merchant_bot#0794
2025-02-28 05:13:19,168 - INFO - 🔄 Running setup_hook()...
2025-02-28 05:13:19,169 - ERROR - ❌ Failed to load admin_commands.py: Extension 'admin_commands' is already loaded.
2025-02-28 05:13:19,169 - ERROR - ❌ Failed to load economy.py: Extension 'economy' is already loaded.
2025-02-28 05:13:19,170 - ERROR - ❌ Failed to load shop_browse.py: Extension 'shop_browse' is already loaded.
2025-02-28 05:13:19,170 - ERROR - ❌ Failed to load shop_requests.py: Extension 'shop_requests' is already loaded.
2025-02-28 05:13:19,170 - ERROR - ❌ Failed to load shop_transactions.py: Extension 'shop_transactions' is already loaded.
2025-02-28 05:13:19,170 - INFO - 🚀 Stanley fully loaded in 0.00 seconds!
2025-02-28 05:30:32,266 - INFO - Shard ID None session has been invalidated.
2025-02-28 05:30:38,214 - INFO - Shard ID None has connected to Gateway (Session ID: 88b25edc31d23454f2298cd390fbd63d).
2025-02-28 05:30:40,226 - INFO - 🎩 merchant_bot is online! Logged in as merchant_bot#0794
2025-02-28 05:30:40,228 - INFO - 🔄 Running setup_hook()...
2025-02-28 05:30:40,229 - ERROR - ❌ Failed to load admin_commands.py: Extension 'admin_commands' is already loaded.
2025-02-28 05:30:40,229 - ERROR - ❌ Failed to load economy.py: Extension 'economy' is already loaded.
2025-02-28 05:30:40,229 - ERROR - ❌ Failed to load shop_browse.py: Extension 'shop_browse' is already loaded.
2025-02-28 05:30:40,230 - ERROR - ❌ Failed to load shop_requests.py: Extension 'shop_requests' is already loaded.
2025-02-28 05:30:40,230 - ERROR - ❌ Failed to load shop_transactions.py: Extension 'shop_transactions' is already loaded.
2025-02-28 05:30:40,230 - INFO - 🚀 Stanley fully loaded in 0.00 seconds!
2025-02-28 05:47:44,794 - INFO - Shard ID None session has been invalidated.
2025-02-28 05:47:50,139 - INFO - Shard ID None has connected to Gateway (Session ID: 8c55d2b7acc1d8e1212aff08b1efb993).
2025-02-28 05:47:52,147 - INFO - 🎩 merchant_bot is online! Logged in as merchant_bot#0794
2025-02-28 05:47:52,148 - INFO - 🔄 Running setup_hook()...
2025-02-28 05:47:52,149 - ERROR - ❌ Failed to load admin_commands.py: Extension 'admin_commands' is already loaded.
2025-02-28 05:47:52,149 - ERROR - ❌ Failed to load economy.py: Extension 'economy' is already loaded.
2025-02-28 05:47:52,149 - ERROR - ❌ Failed to load shop_browse.py: Extension 'shop_browse' is already loaded.
2025-02-28 05:47:52,149 - ERROR - ❌ Failed to load shop_requests.py: Extension 'shop_requests' is already loaded.
2025-02-28 05:47:52,149 - ERROR - ❌ Failed to load shop_transactions.py: Extension 'shop_transactions' is already loaded.
2025-02-28 05:47:52,149 - INFO - 🚀 Stanley fully loaded in 0.00 seconds!
2025-02-28 06:05:19,447 - INFO - Shard ID None session has been invalidated.
2025-02-28 06:05:24,796 - INFO - Shard ID None has connected to Gateway (Session ID: 9ad55485140fbacfac555c6aebd4eb00).
2025-02-28 06:05:26,805 - INFO - 🎩 merchant_bot is online! Logged in as merchant_bot#0794
2025-02-28 06:05:26,809 - INFO - 🔄 Running setup_hook()...
2025-02-28 06:05:26,810 - ERROR - ❌ Failed to load admin_commands.py: Extension 'admin_commands' is already loaded.
2025-02-28 06:05:26,811 - ERROR - ❌ Failed to load economy.py: Extension 'economy' is already loaded.
2025-02-28 06:05:26,811 - ERROR - ❌ Failed to load shop_browse.py: Extension 'shop_browse' is already loaded.
2025-02-28 06:05:26,811 - ERROR - ❌ Failed to load shop_requests.py: Extension 'shop_requests' is already loaded.
2025-02-28 06:05:26,811 - ERROR - ❌ Failed to load shop_transactions.py: Extension 'shop_transactions' is already loaded.
2025-02-28 06:05:26,812 - INFO - 🚀 Stanley fully loaded in 0.00 seconds!
2025-02-28 06:23:09,601 - INFO - Shard ID None session has been invalidated.
2025-02-28 06:23:15,081 - INFO - Shard ID None has connected to Gateway (Session ID: 37f98bbeaf47d4c6b16ed78b25078794).
2025-02-28 06:23:17,088 - INFO - 🎩 merchant_bot is online! Logged in as merchant_bot#0794
2025-02-28 06:23:17,092 - INFO - 🔄 Running setup_hook()...
2025-02-28 06:23:17,092 - ERROR - ❌ Failed to load admin_commands.py: Extension 'admin_commands' is already loaded.
2025-02-28 06:23:17,093 - ERROR - ❌ Failed to load economy.py: Extension 'economy' is already loaded.
2025-02-28 06:23:17,093 - ERROR - ❌ Failed to load shop_browse.py: Extension 'shop_browse' is already loaded.
2025-02-28 06:23:17,093 - ERROR - ❌ Failed to load shop_requests.py: Extension 'shop_requests' is already loaded.
2025-02-28 06:23:17,093 - ERROR - ❌ Failed to load shop_transactions.py: Extension 'shop_transactions' is already loaded.
2025-02-28 06:23:17,094 - INFO - 🚀 Stanley fully loaded in 0.00 seconds!
2025-02-28 06:41:55,013 - INFO - Shard ID None session has been invalidated.
2025-02-28 06:42:00,355 - INFO - Shard ID None has connected to Gateway (Session ID: 93e3b75c96a57005b114eca63cf1310e).
2025-02-28 06:42:02,363 - INFO - 🎩 merchant_bot is online! Logged in as merchant_bot#0794
2025-02-28 06:42:02,366 - INFO - 🔄 Running setup_hook()...
2025-02-28 06:42:02,367 - ERROR - ❌ Failed to load admin_commands.py: Extension 'admin_commands' is already loaded.
2025-02-28 06:42:02,367 - ERROR - ❌ Failed to load economy.py: Extension 'economy' is already loaded.
2025-02-28 06:42:02,367 - ERROR - ❌ Failed to load shop_browse.py: Extension 'shop_browse' is already loaded.
2025-02-28 06:42:02,368 - ERROR - ❌ Failed to load shop_requests.py: Extension 'shop_requests' is already loaded.
2025-02-28 06:42:02,369 - ERROR - ❌ Failed to load shop_transactions.py: Extension 'shop_transactions' is already loaded.
2025-02-28 06:42:02,369 - INFO - 🚀 Stanley fully loaded in 0.00 seconds!
2025-02-28 07:00:40,139 - INFO - Shard ID None session has been invalidated.
2025-02-28 07:00:45,612 - INFO - Shard ID None has connected to Gateway (Session ID: 58860080b4e21056013586ffac4645a8).
2025-02-28 07:00:47,616 - INFO - 🎩 merchant_bot is online! Logged in as merchant_bot#0794
2025-02-28 07:00:47,619 - INFO - 🔄 Running setup_hook()...
2025-02-28 07:00:47,620 - ERROR - ❌ Failed to load admin_commands.py: Extension 'admin_commands' is already loaded.
2025-02-28 07:00:47,620 - ERROR - ❌ Failed to load economy.py: Extension 'economy' is already loaded.
2025-02-28 07:00:47,620 - ERROR - ❌ Failed to load shop_browse.py: Extension 'shop_browse' is already loaded.
2025-02-28 07:00:47,620 - ERROR - ❌ Failed to load shop_requests.py: Extension 'shop_requests' is already loaded.
2025-02-28 07:00:47,621 - ERROR - ❌ Failed to load shop_transactions.py: Extension 'shop_transactions' is already loaded.
2025-02-28 07:00:47,621 - INFO - 🚀 Stanley fully loaded in 0.00 seconds!
2025-02-28 07:16:56,621 - INFO - Shard ID None session has been invalidated.
2025-02-28 07:17:02,183 - INFO - Shard ID None has connected to Gateway (Session ID: 01f8a3446ec2d76427ba9e97857ea7e8).
2025-02-28 07:17:04,189 - INFO - 🎩 merchant_bot is online! Logged in as merchant_bot#0794
2025-02-28 07:17:04,192 - INFO - 🔄 Running setup_hook()...
2025-02-28 07:17:04,192 - ERROR - ❌ Failed to load admin_commands.py: Extension 'admin_commands' is already loaded.
2025-02-28 07:17:04,193 - ERROR - ❌ Failed to load economy.py: Extension 'economy' is already loaded.
2025-02-28 07:17:04,193 - ERROR - ❌ Failed to load shop_browse.py: Extension 'shop_browse' is already loaded.
2025-02-28 07:17:04,193 - ERROR - ❌ Failed to load shop_requests.py: Extension 'shop_requests' is already loaded.
2025-02-28 07:17:04,193 - ERROR - ❌ Failed to load shop_transactions.py: Extension 'shop_transactions' is already loaded.
2025-02-28 07:17:04,194 - INFO - 🚀 Stanley fully loaded in 0.00 seconds!
2025-02-28 07:34:45,751 - INFO - Shard ID None session has been invalidated.
2025-02-28 07:34:51,250 - INFO - Shard ID None has connected to Gateway (Session ID: 2b5d06801be37ec539dfeaf6ce280520).
2025-02-28 07:34:53,259 - INFO - 🎩 merchant_bot is online! Logged in as merchant_bot#0794
2025-02-28 07:34:53,263 - INFO - 🔄 Running setup_hook()...
2025-02-28 07:34:53,263 - ERROR - ❌ Failed to load admin_commands.py: Extension 'admin_commands' is already loaded.
2025-02-28 07:34:53,263 - ERROR - ❌ Failed to load economy.py: Extension 'economy' is already loaded.
2025-02-28 07:34:53,264 - ERROR - ❌ Failed to load shop_browse.py: Extension 'shop_browse' is already loaded.
2025-02-28 07:34:53,264 - ERROR - ❌ Failed to load shop_requests.py: Extension 'shop_requests' is already loaded.
2025-02-28 07:34:53,264 - ERROR - ❌ Failed to load shop_transactions.py: Extension 'shop_transactions' is already loaded.
2025-02-28 07:34:53,264 - INFO - 🚀 Stanley fully loaded in 0.00 seconds!
2025-02-28 07:53:17,824 - INFO - Shard ID None session has been invalidated.
2025-02-28 07:53:23,178 - INFO - Shard ID None has connected to Gateway (Session ID: cbf77b8720d3fffcd4d94cb1009d101e).
2025-02-28 07:53:25,187 - INFO - 🎩 merchant_bot is online! Logged in as merchant_bot#0794
2025-02-28 07:53:25,189 - INFO - 🔄 Running setup_hook()...
2025-02-28 07:53:25,189 - ERROR - ❌ Failed to load admin_commands.py: Extension 'admin_commands' is already loaded.
2025-02-28 07:53:25,190 - ERROR - ❌ Failed to load economy.py: Extension 'economy' is already loaded.
2025-02-28 07:53:25,190 - ERROR - ❌ Failed to load shop_browse.py: Extension 'shop_browse' is already loaded.
2025-02-28 07:53:25,190 - ERROR - ❌ Failed to load shop_requests.py: Extension 'shop_requests' is already loaded.
2025-02-28 07:53:25,190 - ERROR - ❌ Failed to load shop_transactions.py: Extension 'shop_transactions' is already loaded.
2025-02-28 07:53:25,190 - INFO - 🚀 Stanley fully loaded in 0.00 seconds!
2025-02-28 08:10:05,273 - INFO - Shard ID None session has been invalidated.
2025-02-28 08:10:10,751 - INFO - Shard ID None has connected to Gateway (Session ID: c4eaa4fa17c0e5433d3bf7139a1961fe).
2025-02-28 08:10:12,758 - INFO - 🎩 merchant_bot is online! Logged in as merchant_bot#0794
2025-02-28 08:10:12,760 - INFO - 🔄 Running setup_hook()...
2025-02-28 08:10:12,761 - ERROR - ❌ Failed to load admin_commands.py: Extension 'admin_commands' is already loaded.
2025-02-28 08:10:12,761 - ERROR - ❌ Failed to load economy.py: Extension 'economy' is already loaded.
2025-02-28 08:10:12,761 - ERROR - ❌ Failed to load shop_browse.py: Extension 'shop_browse' is already loaded.
2025-02-28 08:10:12,761 - ERROR - ❌ Failed to load shop_requests.py: Extension 'shop_requests' is already loaded.
2025-02-28 08:10:12,761 - ERROR - ❌ Failed to load shop_transactions.py: Extension 'shop_transactions' is already loaded.
2025-02-28 08:10:12,761 - INFO - 🚀 Stanley fully loaded in 0.00 seconds!
2025-02-28 08:30:06,320 - INFO - Shard ID None session has been invalidated.
2025-02-28 08:30:11,730 - INFO - Shard ID None has connected to Gateway (Session ID: 1f2b6cb9e54298cc8baaf3b13c049e25).
2025-02-28 08:30:13,737 - INFO - 🎩 merchant_bot is online! Logged in as merchant_bot#0794
2025-02-28 08:30:13,738 - INFO - 🔄 Running setup_hook()...
2025-02-28 08:30:13,767 - ERROR - ❌ Failed to load admin_commands.py: Extension 'admin_commands' is already loaded.
2025-02-28 08:30:13,767 - ERROR - ❌ Failed to load economy.py: Extension 'economy' is already loaded.
2025-02-28 08:30:13,767 - ERROR - ❌ Failed to load shop_browse.py: Extension 'shop_browse' is already loaded.
2025-02-28 08:30:13,767 - ERROR - ❌ Failed to load shop_requests.py: Extension 'shop_requests' is already loaded.
2025-02-28 08:30:13,767 - ERROR - ❌ Failed to load shop_transactions.py: Extension 'shop_transactions' is already loaded.
2025-02-28 08:30:13,768 - INFO - 🚀 Stanley fully loaded in 0.03 seconds!
2025-02-28 08:30:31,593 - WARNING - PyNaCl is not installed, voice will NOT be supported
2025-02-28 08:30:31,594 - INFO - logging in using static token
2025-02-28 08:30:32,229 - INFO - Shard ID None has connected to Gateway (Session ID: a2d543da77bfaaef7cbc12f21a85001d).
2025-02-28 08:30:34,236 - INFO - 🎩 merchant_bot is online! Logged in as merchant_bot#0794
2025-02-28 08:30:34,241 - INFO - 🔄 Running setup_hook()...
2025-02-28 08:30:34,244 - INFO - ✅ Successfully loaded admin_commands.py
2025-02-28 08:30:34,248 - INFO - ✅ Successfully loaded economy.py
2025-02-28 08:30:34,249 - INFO - ✅ Successfully loaded shop_browse.py
2025-02-28 08:30:34,251 - INFO - ✅ Successfully loaded shop_requests.py
2025-02-28 08:30:34,251 - INFO - ✅ Successfully loaded shop_transactions.py
2025-02-28 08:30:34,252 - INFO - 🚀 Stanley fully loaded in 0.01 seconds!
2025-02-28 09:29:39,641 - INFO - Shard ID None session has been invalidated.
2025-02-28 09:29:44,963 - INFO - Shard ID None has connected to Gateway (Session ID: 1ce8cf49699656999a45d0fd856bd130).
2025-02-28 09:29:46,974 - INFO - 🎩 merchant_bot is online! Logged in as merchant_bot#0794
2025-02-28 09:29:46,977 - INFO - 🔄 Running setup_hook()...
2025-02-28 09:29:46,978 - ERROR - ❌ Failed to load admin_commands.py: Extension 'admin_commands' is already loaded.
2025-02-28 09:29:46,980 - ERROR - ❌ Failed to load economy.py: Extension 'economy' is already loaded.
2025-02-28 09:29:46,981 - ERROR - ❌ Failed to load shop_browse.py: Extension 'shop_browse' is already loaded.
2025-02-28 09:29:46,981 - ERROR - ❌ Failed to load shop_requests.py: Extension 'shop_requests' is already loaded.
2025-02-28 09:29:46,981 - ERROR - ❌ Failed to load shop_transactions.py: Extension 'shop_transactions' is already loaded.
2025-02-28 09:29:46,981 - INFO - 🚀 Stanley fully loaded in 0.00 seconds!
2025-02-28 09:57:02,118 - INFO - Shard ID None session has been invalidated.
2025-02-28 09:57:07,460 - INFO - Shard ID None has connected to Gateway (Session ID: 6d13b1b08482c935e1ac249e95f6f127).
2025-02-28 09:57:09,475 - INFO - 🎩 merchant_bot is online! Logged in as merchant_bot#0794
2025-02-28 09:57:09,476 - INFO - 🔄 Running setup_hook()...
2025-02-28 09:57:09,477 - ERROR - ❌ Failed to load admin_commands.py: Extension 'admin_commands' is already loaded.
2025-02-28 09:57:09,477 - ERROR - ❌ Failed to load economy.py: Extension 'economy' is already loaded.
2025-02-28 09:57:09,477 - ERROR - ❌ Failed to load shop_browse.py: Extension 'shop_browse' is already loaded.
2025-02-28 09:57:09,477 - ERROR - ❌ Failed to load shop_requests.py: Extension 'shop_requests' is already loaded.
2025-02-28 09:57:09,477 - ERROR - ❌ Failed to load shop_transactions.py: Extension 'shop_transactions' is already loaded.
2025-02-28 09:57:09,478 - INFO - 🚀 Stanley fully loaded in 0.00 seconds!
2025-02-28 10:03:37,083 - INFO - Shard ID None has successfully RESUMED session 6d13b1b08482c935e1ac249e95f6f127.
2025-02-28 10:14:43,935 - INFO - Shard ID None session has been invalidated.
2025-02-28 10:14:49,352 - INFO - Shard ID None has connected to Gateway (Session ID: 9c23107e497b8af95de37ed362f14621).
2025-02-28 10:14:51,377 - INFO - 🎩 merchant_bot is online! Logged in as merchant_bot#0794
2025-02-28 10:14:51,379 - INFO - 🔄 Running setup_hook()...
2025-02-28 10:14:51,380 - ERROR - ❌ Failed to load admin_commands.py: Extension 'admin_commands' is already loaded.
2025-02-28 10:14:51,380 - ERROR - ❌ Failed to load economy.py: Extension 'economy' is already loaded.
2025-02-28 10:14:51,380 - ERROR - ❌ Failed to load shop_browse.py: Extension 'shop_browse' is already loaded.
2025-02-28 10:14:51,380 - ERROR - ❌ Failed to load shop_requests.py: Extension 'shop_requests' is already loaded.
2025-02-28 10:14:51,380 - ERROR - ❌ Failed to load shop_transactions.py: Extension 'shop_transactions' is already loaded.
2025-02-28 10:14:51,380 - INFO - 🚀 Stanley fully loaded in 0.00 seconds!
2025-02-28 10:52:11,920 - INFO - Shard ID None session has been invalidated.
2025-02-28 10:52:17,417 - INFO - Shard ID None has connected to Gateway (Session ID: 1212454bfe914fee8718af5b6a407513).
2025-02-28 10:52:19,426 - INFO - 🎩 merchant_bot is online! Logged in as merchant_bot#0794
2025-02-28 10:52:19,429 - INFO - 🔄 Running setup_hook()...
2025-02-28 10:52:19,430 - ERROR - ❌ Failed to load admin_commands.py: Extension 'admin_commands' is already loaded.
2025-02-28 10:52:19,430 - ERROR - ❌ Failed to load economy.py: Extension 'economy' is already loaded.
2025-02-28 10:52:19,430 - ERROR - ❌ Failed to load shop_browse.py: Extension 'shop_browse' is already loaded.
2025-02-28 10:52:19,430 - ERROR - ❌ Failed to load shop_requests.py: Extension 'shop_requests' is already loaded.
2025-02-28 10:52:19,430 - ERROR - ❌ Failed to load shop_transactions.py: Extension 'shop_transactions' is already loaded.
2025-02-28 10:52:19,430 - INFO - 🚀 Stanley fully loaded in 0.00 seconds!
2025-02-28 11:25:38,341 - INFO - Shard ID None has successfully RESUMED session 1212454bfe914fee8718af5b6a407513.
2025-02-28 11:59:51,542 - INFO - Shard ID None has successfully RESUMED session 1212454bfe914fee8718af5b6a407513.
2025-02-28 13:47:02,102 - INFO - Shard ID None has successfully RESUMED session 1212454bfe914fee8718af5b6a407513.
2025-02-28 14:25:56,966 - INFO - Shard ID None has successfully RESUMED session 1212454bfe914fee8718af5b6a407513.
2025-02-28 15:22:35,728 - INFO - Shard ID None has successfully RESUMED session 1212454bfe914fee8718af5b6a407513.
2025-02-28 16:55:18,860 - INFO - Shard ID None has successfully RESUMED session 1212454bfe914fee8718af5b6a407513.
2025-02-28 18:22:56,026 - INFO - Shard ID None session has been invalidated.
2025-02-28 18:40:30,221 - INFO - Shard ID None session has been invalidated.
2025-02-28 18:57:03,188 - INFO - Shard ID None session has been invalidated.
2025-02-28 19:13:28,165 - INFO - Shard ID None session has been invalidated.
2025-02-28 19:29:15,251 - INFO - Shard ID None session has been invalidated.
2025-02-28 19:30:58,129 - INFO - Shard ID None session has been invalidated.
2025-02-28 19:31:03,486 - INFO - Shard ID None has connected to Gateway (Session ID: f258ecbbde9037c964157e48e649b7d6).
2025-02-28 19:31:05,497 - INFO - 🎩 merchant_bot is online! Logged in as merchant_bot#0794
2025-02-28 19:31:05,500 - INFO - 🔄 Running setup_hook()...
2025-02-28 19:31:05,501 - ERROR - ❌ Failed to load admin_commands.py: Extension 'admin_commands' is already loaded.
2025-02-28 19:31:05,501 - ERROR - ❌ Failed to load economy.py: Extension 'economy' is already loaded.
2025-02-28 19:31:05,501 - ERROR - ❌ Failed to load shop_browse.py: Extension 'shop_browse' is already loaded.
2025-02-28 19:31:05,501 - ERROR - ❌ Failed to load shop_requests.py: Extension 'shop_requests' is already loaded.
2025-02-28 19:31:05,501 - ERROR - ❌ Failed to load shop_transactions.py: Extension 'shop_transactions' is already loaded.
2025-02-28 19:31:05,501 - INFO - 🚀 Stanley fully loaded in 0.00 seconds!
2025-02-28 20:31:57,891 - INFO - Shard ID None session has been invalidated.
2025-02-28 20:32:03,244 - INFO - Shard ID None has connected to Gateway (Session ID: e0ede874fe0e8083d3bebf8b0ef9e14b).
2025-02-28 20:47:19,237 - INFO - 🎩 merchant_bot is online! Logged in as merchant_bot#0794
2025-02-28 20:47:19,238 - INFO - 🔄 Running setup_hook()...
2025-02-28 20:47:19,238 - ERROR - ❌ Failed to load admin_commands.py: Extension 'admin_commands' is already loaded.
2025-02-28 20:47:19,238 - ERROR - ❌ Failed to load economy.py: Extension 'economy' is already loaded.
2025-02-28 20:47:19,238 - ERROR - ❌ Failed to load shop_browse.py: Extension 'shop_browse' is already loaded.
2025-02-28 20:47:19,238 - ERROR - ❌ Failed to load shop_requests.py: Extension 'shop_requests' is already loaded.
2025-02-28 20:47:19,238 - ERROR - ❌ Failed to load shop_transactions.py: Extension 'shop_transactions' is already loaded.
2025-02-28 20:47:19,238 - INFO - 🚀 Stanley fully loaded in 0.00 seconds!
2025-02-28 20:47:19,460 - INFO - Shard ID None session has been invalidated.
2025-02-28 21:02:57,538 - INFO - Shard ID None session has been invalidated.
2025-02-28 21:19:24,507 - INFO - Shard ID None session has been invalidated.
2025-02-28 21:32:58,488 - INFO - Shard ID None session has been invalidated.
2025-02-28 21:33:03,763 - INFO - Shard ID None has connected to Gateway (Session ID: 578800e0397f14e16b70d3c4ea93acf0).
2025-02-28 21:48:47,294 - INFO - 🎩 merchant_bot is online! Logged in as merchant_bot#0794
2025-02-28 21:48:47,294 - INFO - 🔄 Running setup_hook()...
2025-02-28 21:48:47,294 - ERROR - ❌ Failed to load admin_commands.py: Extension 'admin_commands' is already loaded.
2025-02-28 21:48:47,294 - ERROR - ❌ Failed to load economy.py: Extension 'economy' is already loaded.
2025-02-28 21:48:47,294 - ERROR - ❌ Failed to load shop_browse.py: Extension 'shop_browse' is already loaded.
2025-02-28 21:48:47,294 - ERROR - ❌ Failed to load shop_requests.py: Extension 'shop_requests' is already loaded.
2025-02-28 21:48:47,294 - ERROR - ❌ Failed to load shop_transactions.py: Extension 'shop_transactions' is already loaded.
2025-02-28 21:48:47,294 - INFO - 🚀 Stanley fully loaded in 0.00 seconds!
2025-02-28 21:48:47,823 - INFO - Shard ID None session has been invalidated.
2025-02-28 22:04:39,888 - INFO - Shard ID None session has been invalidated.
2025-02-28 22:22:03,888 - INFO - Shard ID None session has been invalidated.
2025-02-28 22:33:59,656 - INFO - Shard ID None session has been invalidated.
2025-02-28 22:34:05,048 - INFO - Shard ID None has connected to Gateway (Session ID: 80db7f811e36272eba71234b3d42c6ef).
2025-02-28 22:50:57,260 - INFO - 🎩 merchant_bot is online! Logged in as merchant_bot#0794
2025-02-28 22:50:57,261 - INFO - 🔄 Running setup_hook()...
2025-02-28 22:50:57,261 - ERROR - ❌ Failed to load admin_commands.py: Extension 'admin_commands' is already loaded.
2025-02-28 22:50:57,261 - ERROR - ❌ Failed to load economy.py: Extension 'economy' is already loaded.
2025-02-28 22:50:57,261 - ERROR - ❌ Failed to load shop_browse.py: Extension 'shop_browse' is already loaded.
2025-02-28 22:50:57,261 - ERROR - ❌ Failed to load shop_requests.py: Extension 'shop_requests' is already loaded.
2025-02-28 22:50:57,261 - ERROR - ❌ Failed to load shop_transactions.py: Extension 'shop_transactions' is already loaded.
2025-02-28 22:50:57,261 - INFO - 🚀 Stanley fully loaded in 0.00 seconds!
2025-02-28 22:50:57,653 - INFO - Shard ID None session has been invalidated.
2025-02-28 23:08:44,819 - INFO - Shard ID None session has been invalidated.
2025-02-28 23:19:41,943 - INFO - Shard ID None session has been invalidated.
2025-02-28 23:19:47,489 - INFO - Shard ID None has connected to Gateway (Session ID: fc2f036b5ba755afebc11abc5d2f85f3).
2025-02-28 23:19:49,497 - INFO - 🎩 merchant_bot is online! Logged in as merchant_bot#0794
2025-02-28 23:19:49,499 - INFO - 🔄 Running setup_hook()...
2025-02-28 23:19:49,499 - ERROR - ❌ Failed to load admin_commands.py: Extension 'admin_commands' is already loaded.
2025-02-28 23:19:49,499 - ERROR - ❌ Failed to load economy.py: Extension 'economy' is already loaded.
2025-02-28 23:19:49,499 - ERROR - ❌ Failed to load shop_browse.py: Extension 'shop_browse' is already loaded.
2025-02-28 23:19:49,499 - ERROR - ❌ Failed to load shop_requests.py: Extension 'shop_requests' is already loaded.
2025-02-28 23:19:49,500 - ERROR - ❌ Failed to load shop_transactions.py: Extension 'shop_transactions' is already loaded.
2025-02-28 23:19:49,500 - INFO - 🚀 Stanley fully loaded in 0.00 seconds!
2025-03-01 01:18:40,814 - INFO - Shard ID None session has been invalidated.
2025-03-01 01:24:48,819 - INFO - Shard ID None session has been invalidated.
2025-03-01 01:24:54,190 - INFO - Shard ID None has connected to Gateway (Session ID: 4b86e761810632f079cc11cb21d6706c).
2025-03-01 01:24:56,199 - INFO - 🎩 merchant_bot is online! Logged in as merchant_bot#0794
2025-03-01 01:24:56,202 - INFO - 🔄 Running setup_hook()...
2025-03-01 01:24:56,202 - ERROR - ❌ Failed to load admin_commands.py: Extension 'admin_commands' is already loaded.
2025-03-01 01:24:56,202 - ERROR - ❌ Failed to load economy.py: Extension 'economy' is already loaded.
2025-03-01 01:24:56,202 - ERROR - ❌ Failed to load shop_browse.py: Extension 'shop_browse' is already loaded.
2025-03-01 01:24:56,202 - ERROR - ❌ Failed to load shop_requests.py: Extension 'shop_requests' is already loaded.
2025-03-01 01:24:56,202 - ERROR - ❌ Failed to load shop_transactions.py: Extension 'shop_transactions' is already loaded.
2025-03-01 01:24:56,202 - INFO - 🚀 Stanley fully loaded in 0.00 seconds!
2025-03-01 03:06:41,506 - INFO - Shard ID None session has been invalidated.
2025-03-01 03:23:16,616 - INFO - Shard ID None session has been invalidated.
2025-03-01 03:40:38,091 - INFO - Shard ID None session has been invalidated.
2025-03-01 03:58:06,986 - INFO - Shard ID None session has been invalidated.
2025-03-01 04:14:06,947 - INFO - Shard ID None session has been invalidated.
2025-03-01 04:29:58,859 - INFO - Shard ID None session has been invalidated.
2025-03-01 04:46:16,891 - INFO - Shard ID None session has been invalidated.
2025-03-01 05:01:44,816 - INFO - Shard ID None session has been invalidated.
2025-03-01 05:17:06,733 - INFO - Shard ID None session has been invalidated.
2025-03-01 05:33:41,808 - INFO - Shard ID None session has been invalidated.
2025-03-01 05:48:53,679 - INFO - Shard ID None session has been invalidated.
2025-03-01 06:04:46,761 - INFO - Shard ID None session has been invalidated.
2025-03-01 06:18:35,733 - INFO - Shard ID None session has been invalidated.
2025-03-01 06:35:37,658 - INFO - Shard ID None session has been invalidated.
2025-03-01 06:53:28,791 - INFO - Shard ID None session has been invalidated.
2025-03-01 07:09:45,699 - INFO - Shard ID None session has been invalidated.
2025-03-01 07:27:24,749 - INFO - Shard ID None session has been invalidated.
2025-03-01 07:32:41,658 - INFO - Shard ID None session has been invalidated.
2025-03-01 07:32:47,027 - INFO - Shard ID None has connected to Gateway (Session ID: 683d384144c26c69582aa72ebfb2452b).
2025-03-01 07:32:49,043 - INFO - 🎩 merchant_bot is online! Logged in as merchant_bot#0794
2025-03-01 07:32:49,047 - INFO - 🔄 Running setup_hook()...
2025-03-01 07:32:49,048 - ERROR - ❌ Failed to load admin_commands.py: Extension 'admin_commands' is already loaded.
2025-03-01 07:32:49,048 - ERROR - ❌ Failed to load economy.py: Extension 'economy' is already loaded.
2025-03-01 07:32:49,049 - ERROR - ❌ Failed to load shop_browse.py: Extension 'shop_browse' is already loaded.
2025-03-01 07:32:49,049 - ERROR - ❌ Failed to load shop_requests.py: Extension 'shop_requests' is already loaded.
2025-03-01 07:32:49,049 - ERROR - ❌ Failed to load shop_transactions.py: Extension 'shop_transactions' is already loaded.
2025-03-01 07:32:49,050 - INFO - 🚀 Stanley fully loaded in 0.00 seconds!
2025-03-01 09:09:12,623 - INFO - Shard ID None session has been invalidated.
2025-03-01 09:20:37,575 - INFO - Shard ID None session has been invalidated.
2025-03-01 09:25:21,865 - INFO - Shard ID None session has been invalidated.
2025-03-01 09:25:27,618 - INFO - Shard ID None has connected to Gateway (Session ID: d9e5d6a109621cbd2fbf09ba96ba3e17).
2025-03-01 09:25:29,626 - INFO - 🎩 merchant_bot is online! Logged in as merchant_bot#0794
2025-03-01 09:25:29,628 - INFO - 🔄 Running setup_hook()...
2025-03-01 09:25:29,628 - ERROR - ❌ Failed to load admin_commands.py: Extension 'admin_commands' is already loaded.
2025-03-01 09:25:29,628 - ERROR - ❌ Failed to load economy.py: Extension 'economy' is already loaded.
2025-03-01 09:25:29,628 - ERROR - ❌ Failed to load shop_browse.py: Extension 'shop_browse' is already loaded.
2025-03-01 09:25:29,628 - ERROR - ❌ Failed to load shop_requests.py: Extension 'shop_requests' is already loaded.
2025-03-01 09:25:29,629 - ERROR - ❌ Failed to load shop_transactions.py: Extension 'shop_transactions' is already loaded.
2025-03-01 09:25:29,629 - INFO - 🚀 Stanley fully loaded in 0.00 seconds!
2025-03-03 19:26:02,523 - WARNING - PyNaCl is not installed, voice will NOT be supported
2025-03-03 19:26:02,527 - INFO - logging in using static token
2025-03-03 19:26:03,201 - INFO - Shard ID None has connected to Gateway (Session ID: 97a6452c4e51aa0ec8d347f8528acdb6).
2025-03-03 19:26:05,207 - INFO - 🎩 merchant_bot is online! Logged in as merchant_bot#0794
2025-03-03 19:26:05,209 - INFO - 🔄 Running setup_hook()...
2025-03-03 19:26:05,214 - INFO - ✅ Successfully loaded admin_commands.py
2025-03-03 19:26:05,216 - INFO - ✅ Successfully loaded economy.py
2025-03-03 19:26:05,217 - INFO - ✅ Successfully loaded shop_browse.py
2025-03-03 19:26:05,218 - INFO - ✅ Successfully loaded shop_requests.py
2025-03-03 19:26:05,218 - INFO - ✅ Successfully loaded shop_transactions.py
2025-03-03 19:26:05,219 - INFO - 🚀 Stanley fully loaded in 0.01 seconds!
2025-03-03 19:27:27,864 - INFO - ✅ Saved `gold_data.json` to `/Users/brandireger/Documents/Radiant Citadel/BotScripts/shared_inventories`.
2025-03-03 19:28:08,733 - INFO - ✅ Saved `gold_data.json` to `/Users/brandireger/Documents/Radiant Citadel/BotScripts/shared_inventories`.
2025-03-03 19:28:08,735 - INFO - ✅ Saved `gold_data.json` to `/Users/brandireger/Documents/Radiant Citadel/BotScripts/shared_inventories`.
2025-03-03 19:28:08,736 - INFO - ✅ Saved `gold_data.json` to `/Users/brandireger/Documents/Radiant Citadel/BotScripts/shared_inventories`.
2025-03-03 19:28:16,922 - INFO - ✅ Saved `gold_data.json` to `/Users/brandireger/Documents/Radiant Citadel/BotScripts/shared_inventories`.
2025-03-03 19:28:16,923 - INFO - ✅ Saved `gold_data.json` to `/Users/brandireger/Documents/Radiant Citadel/BotScripts/shared_inventories`.
2025-03-03 19:28:16,924 - INFO - ✅ Saved `gold_data.json` to `/Users/brandireger/Documents/Radiant Citadel/BotScripts/shared_inventories`.
2025-03-03 19:28:38,917 - INFO - ✅ Saved `gold_data.json` to `/Users/brandireger/Documents/Radiant Citadel/BotScripts/shared_inventories`.
2025-03-03 19:28:38,918 - INFO - ✅ Saved `gold_data.json` to `/Users/brandireger/Documents/Radiant Citadel/BotScripts/shared_inventories`.
2025-03-03 19:28:38,971 - INFO - ✅ Saved `gold_data.json` to `/Users/brandireger/Documents/Radiant Citadel/BotScripts/shared_inventories`.
2025-03-03 19:28:38,971 - INFO - ✅ Saved `gold_data.json` to `/Users/brandireger/Documents/Radiant Citadel/BotScripts/shared_inventories`.
2025-03-03 19:29:18,604 - INFO - ✅ Saved `gold_data.json` to `/Users/brandireger/Documents/Radiant Citadel/BotScripts/shared_inventories`.
2025-03-03 19:29:18,607 - INFO - ✅ Saved `gold_data.json` to `/Users/brandireger/Documents/Radiant Citadel/BotScripts/shared_inventories`.
2025-03-03 19:29:26,211 - INFO - ✅ Saved `gold_data.json` to `/Users/brandireger/Documents/Radiant Citadel/BotScripts/shared_inventories`.
2025-03-03 19:30:27,988 - INFO - ✅ Saved `gold_data.json` to `/Users/brandireger/Documents/Radiant Citadel/BotScripts/shared_inventories`.
2025-03-03 19:30:27,992 - INFO - ✅ Saved `gold_data.json` to `/Users/brandireger/Documents/Radiant Citadel/BotScripts/shared_inventories`.
2025-03-03 19:30:50,043 - INFO - ✅ Saved `gold_data.json` to `/Users/brandireger/Documents/Radiant Citadel/BotScripts/shared_inventories`.
2025-03-03 19:30:50,046 - INFO - ✅ Saved `gold_data.json` to `/Users/brandireger/Documents/Radiant Citadel/BotScripts/shared_inventories`.
2025-03-03 19:30:51,185 - INFO - ✅ Saved `gold_data.json` to `/Users/brandireger/Documents/Radiant Citadel/BotScripts/shared_inventories`.
2025-03-03 19:30:51,186 - INFO - ✅ Saved `gold_data.json` to `/Users/brandireger/Documents/Radiant Citadel/BotScripts/shared_inventories`.
2025-03-03 19:31:02,678 - INFO - ✅ Saved `gold_data.json` to `/Users/brandireger/Documents/Radiant Citadel/BotScripts/shared_inventories`.
2025-03-03 19:31:57,956 - INFO - ✅ Saved `gold_data.json` to `/Users/brandireger/Documents/Radiant Citadel/BotScripts/shared_inventories`.
2025-03-03 19:31:57,959 - INFO - ✅ Saved `gold_data.json` to `/Users/brandireger/Documents/Radiant Citadel/BotScripts/shared_inventories`.
2025-03-03 19:32:03,672 - INFO - ✅ Saved `gold_data.json` to `/Users/brandireger/Documents/Radiant Citadel/BotScripts/shared_inventories`.
2025-03-03 19:33:07,205 - INFO - ✅ Saved `gold_data.json` to `/Users/brandireger/Documents/Radiant Citadel/BotScripts/shared_inventories`.
2025-03-03 19:33:07,206 - INFO - ✅ Saved `gold_data.json` to `/Users/brandireger/Documents/Radiant Citadel/BotScripts/shared_inventories`.
2025-03-03 19:34:24,338 - ERROR - Ignoring exception in command tree
Traceback (most recent call last):
  File "/Users/brandireger/.pyenv/versions/3.10.4/lib/python3.10/site-packages/discord/app_commands/tree.py", line 1151, in wrapper
    await self._call(interaction)
  File "/Users/brandireger/.pyenv/versions/3.10.4/lib/python3.10/site-packages/discord/app_commands/tree.py", line 1283, in _call
    command, options = self._get_app_command_options(data)
  File "/Users/brandireger/.pyenv/versions/3.10.4/lib/python3.10/site-packages/discord/app_commands/tree.py", line 1187, in _get_app_command_options
    raise CommandNotFound(name, parents)
discord.app_commands.errors.CommandNotFound: Application command 'inventory' not found
2025-03-03 19:34:40,159 - INFO - ✅ Saved `gold_data.json` to `/Users/brandireger/Documents/Radiant Citadel/BotScripts/shared_inventories`.
2025-03-03 19:35:30,563 - ERROR - Ignoring exception in command 'shop'
Traceback (most recent call last):
  File "/Users/brandireger/.pyenv/versions/3.10.4/lib/python3.10/site-packages/discord/app_commands/commands.py", line 857, in _do_call
    return await self._callback(self.binding, interaction, **params)  # type: ignore
  File "/Users/brandireger/Documents/Radiant Citadel/BotScripts/Stanley/shop_browse.py", line 27, in shop
    shared_dir = os.path.join(os.path.dirname(os.path.abspath(__file__)), "..", "shared_inventories")
NameError: name 'os' is not defined

The above exception was the direct cause of the following exception:

Traceback (most recent call last):
  File "/Users/brandireger/.pyenv/versions/3.10.4/lib/python3.10/site-packages/discord/app_commands/tree.py", line 1310, in _call
    await command._invoke_with_namespace(interaction, namespace)
  File "/Users/brandireger/.pyenv/versions/3.10.4/lib/python3.10/site-packages/discord/app_commands/commands.py", line 883, in _invoke_with_namespace
    return await self._do_call(interaction, transformed_values)
  File "/Users/brandireger/.pyenv/versions/3.10.4/lib/python3.10/site-packages/discord/app_commands/commands.py", line 876, in _do_call
    raise CommandInvokeError(self, e) from e
discord.app_commands.errors.CommandInvokeError: Command 'shop' raised an exception: NameError: name 'os' is not defined
2025-03-03 19:37:31,187 - WARNING - PyNaCl is not installed, voice will NOT be supported
2025-03-03 19:37:31,190 - INFO - logging in using static token
2025-03-03 19:37:31,970 - INFO - Shard ID None has connected to Gateway (Session ID: 04d6e07c856c7a592b0a3309bca4452e).
2025-03-03 19:37:33,973 - INFO - 🎩 merchant_bot is online! Logged in as merchant_bot#0794
2025-03-03 19:37:33,975 - INFO - 🔄 Running setup_hook()...
2025-03-03 19:37:33,980 - INFO - ✅ Successfully loaded admin_commands.py
2025-03-03 19:37:33,982 - INFO - ✅ Successfully loaded economy.py
2025-03-03 19:37:33,983 - INFO - ✅ Successfully loaded shop_browse.py
2025-03-03 19:37:33,984 - INFO - ✅ Successfully loaded shop_requests.py
2025-03-03 19:37:33,984 - INFO - ✅ Successfully loaded shop_transactions.py
2025-03-03 19:37:33,985 - INFO - 🚀 Stanley fully loaded in 0.01 seconds!
2025-03-03 19:39:35,766 - ERROR - Ignoring exception in command None
discord.ext.commands.errors.CommandNotFound: Command "buy" is not found
2025-03-03 19:39:47,060 - INFO - 🔍 shouryuu333 is attempting to buy `jug`.
2025-03-03 19:39:47,062 - INFO - ✅ Saved `gold_data.json` to `/Users/brandireger/Documents/Radiant Citadel/BotScripts/shared_inventories`.
2025-03-03 19:39:47,065 - INFO - ✅ Saved `stanley_shop.json` to `/Users/brandireger/Documents/Radiant Citadel/BotScripts/shared_inventories`.
2025-03-03 19:39:47,068 - INFO - ✅ Saved `player_inventories.json` to `/Users/brandireger/Documents/Radiant Citadel/BotScripts/shared_inventories`.
2025-03-03 19:39:47,068 - INFO - ✅ shouryuu333 successfully bought `jug`.
2025-03-03 19:39:55,985 - INFO - ✅ Saved `gold_data.json` to `/Users/brandireger/Documents/Radiant Citadel/BotScripts/shared_inventories`.
2025-03-03 19:40:11,137 - ERROR - Ignoring exception in command tree
Traceback (most recent call last):
  File "/Users/brandireger/.pyenv/versions/3.10.4/lib/python3.10/site-packages/discord/app_commands/tree.py", line 1151, in wrapper
    await self._call(interaction)
  File "/Users/brandireger/.pyenv/versions/3.10.4/lib/python3.10/site-packages/discord/app_commands/tree.py", line 1283, in _call
    command, options = self._get_app_command_options(data)
  File "/Users/brandireger/.pyenv/versions/3.10.4/lib/python3.10/site-packages/discord/app_commands/tree.py", line 1187, in _get_app_command_options
    raise CommandNotFound(name, parents)
discord.app_commands.errors.CommandNotFound: Application command 'inventory' not found
2025-03-03 19:42:17,343 - ERROR - Ignoring exception in command None
discord.ext.commands.errors.CommandNotFound: Command "stanley_inventory" is not found
2025-03-03 19:43:04,070 - ERROR - Ignoring exception in command tree
Traceback (most recent call last):
  File "/Users/brandireger/.pyenv/versions/3.10.4/lib/python3.10/site-packages/discord/app_commands/tree.py", line 1151, in wrapper
    await self._call(interaction)
  File "/Users/brandireger/.pyenv/versions/3.10.4/lib/python3.10/site-packages/discord/app_commands/tree.py", line 1283, in _call
    command, options = self._get_app_command_options(data)
  File "/Users/brandireger/.pyenv/versions/3.10.4/lib/python3.10/site-packages/discord/app_commands/tree.py", line 1187, in _get_app_command_options
    raise CommandNotFound(name, parents)
discord.app_commands.errors.CommandNotFound: Application command 'inventory' not found
2025-03-03 19:47:34,095 - WARNING - PyNaCl is not installed, voice will NOT be supported
2025-03-03 19:47:34,099 - INFO - logging in using static token
2025-03-03 19:47:34,855 - INFO - Shard ID None has connected to Gateway (Session ID: 33f6fcc639c61b453228ebcd1d69ce33).
2025-03-03 19:47:36,859 - INFO - 🎩 merchant_bot is online! Logged in as merchant_bot#0794
2025-03-03 19:47:36,862 - INFO - 🔄 Running setup_hook()...
2025-03-03 19:47:36,865 - INFO - ✅ Successfully loaded admin_commands.py
2025-03-03 19:47:36,867 - INFO - ✅ Successfully loaded economy.py
2025-03-03 19:47:36,868 - INFO - ✅ Successfully loaded shop_browse.py
2025-03-03 19:47:36,869 - INFO - ✅ Successfully loaded shop_requests.py
2025-03-03 19:47:36,869 - INFO - ✅ Successfully loaded shop_transactions.py
2025-03-03 19:47:36,870 - INFO - 🚀 Stanley fully loaded in 0.01 seconds!
2025-03-03 19:57:18,472 - ERROR - Ignoring exception in command 'requests_available'
Traceback (most recent call last):
  File "/Users/brandireger/.pyenv/versions/3.10.4/lib/python3.10/site-packages/discord/app_commands/commands.py", line 857, in _do_call
    return await self._callback(self.binding, interaction, **params)  # type: ignore
  File "/Users/brandireger/Documents/Radiant Citadel/BotScripts/Stanley/shop_requests.py", line 65, in requests_available
    await interaction.followup.send("\n".join(request_lines))
  File "/Users/brandireger/.pyenv/versions/3.10.4/lib/python3.10/site-packages/discord/webhook/async_.py", line 1857, in send
    data = await adapter.execute_webhook(
  File "/Users/brandireger/.pyenv/versions/3.10.4/lib/python3.10/site-packages/discord/webhook/async_.py", line 226, in request
    raise HTTPException(response, data)
discord.errors.HTTPException: 400 Bad Request (error code: 50035): Invalid Form Body
In content: Must be 2000 or fewer in length.

The above exception was the direct cause of the following exception:

Traceback (most recent call last):
  File "/Users/brandireger/.pyenv/versions/3.10.4/lib/python3.10/site-packages/discord/app_commands/tree.py", line 1310, in _call
    await command._invoke_with_namespace(interaction, namespace)
  File "/Users/brandireger/.pyenv/versions/3.10.4/lib/python3.10/site-packages/discord/app_commands/commands.py", line 883, in _invoke_with_namespace
    return await self._do_call(interaction, transformed_values)
  File "/Users/brandireger/.pyenv/versions/3.10.4/lib/python3.10/site-packages/discord/app_commands/commands.py", line 876, in _do_call
    raise CommandInvokeError(self, e) from e
discord.app_commands.errors.CommandInvokeError: Command 'requests_available' raised an exception: HTTPException: 400 Bad Request (error code: 50035): Invalid Form Body
In content: Must be 2000 or fewer in length.
2025-03-03 20:00:54,595 - WARNING - PyNaCl is not installed, voice will NOT be supported
2025-03-03 20:00:54,598 - INFO - logging in using static token
2025-03-03 20:00:55,319 - INFO - Shard ID None has connected to Gateway (Session ID: ca4c1dc37d9b4c21a45ea4a9eee5adb0).
2025-03-03 20:00:57,323 - INFO - 🎩 merchant_bot is online! Logged in as merchant_bot#0794
2025-03-03 20:00:57,325 - INFO - 🔄 Running setup_hook()...
2025-03-03 20:00:57,330 - INFO - ✅ Successfully loaded admin_commands.py
2025-03-03 20:00:57,332 - INFO - ✅ Successfully loaded economy.py
2025-03-03 20:00:57,332 - INFO - ✅ Successfully loaded shop_browse.py
2025-03-03 20:00:57,333 - INFO - ✅ Successfully loaded shop_requests.py
2025-03-03 20:00:57,334 - INFO - ✅ Successfully loaded shop_transactions.py
2025-03-03 20:00:57,334 - INFO - 🚀 Stanley fully loaded in 0.01 seconds!
2025-03-03 20:05:30,583 - INFO - ✅ Saved `requests.json` to `/Users/brandireger/Documents/Radiant Citadel/BotScripts/Stanley/stanley_data`.
2025-03-03 20:06:28,757 - INFO - ✅ Saved `requestable_items.json` to `/Users/brandireger/Documents/Radiant Citadel/BotScripts/Stanley/stanley_data`.
2025-03-03 20:07:41,336 - ERROR - Ignoring exception in command 'request_approve'
Traceback (most recent call last):
  File "/Users/brandireger/.pyenv/versions/3.10.4/lib/python3.10/site-packages/discord/app_commands/commands.py", line 857, in _do_call
    return await self._callback(self.binding, interaction, **params)  # type: ignore
  File "/Users/brandireger/Documents/Radiant Citadel/BotScripts/Stanley/shop_requests.py", line 150, in request_approve
    save_json("stanley_shop.json", shop_data, folder=SHARED_DIR)
NameError: name 'SHARED_DIR' is not defined

The above exception was the direct cause of the following exception:

Traceback (most recent call last):
  File "/Users/brandireger/.pyenv/versions/3.10.4/lib/python3.10/site-packages/discord/app_commands/tree.py", line 1310, in _call
    await command._invoke_with_namespace(interaction, namespace)
  File "/Users/brandireger/.pyenv/versions/3.10.4/lib/python3.10/site-packages/discord/app_commands/commands.py", line 883, in _invoke_with_namespace
    return await self._do_call(interaction, transformed_values)
  File "/Users/brandireger/.pyenv/versions/3.10.4/lib/python3.10/site-packages/discord/app_commands/commands.py", line 876, in _do_call
    raise CommandInvokeError(self, e) from e
discord.app_commands.errors.CommandInvokeError: Command 'request_approve' raised an exception: NameError: name 'SHARED_DIR' is not defined
2025-03-03 20:12:10,380 - WARNING - PyNaCl is not installed, voice will NOT be supported
2025-03-03 20:12:10,382 - INFO - logging in using static token
2025-03-03 20:12:11,029 - INFO - Shard ID None has connected to Gateway (Session ID: 2dd74409f4423724816ab8b16add3b14).
2025-03-03 20:12:13,033 - INFO - 🎩 merchant_bot is online! Logged in as merchant_bot#0794
2025-03-03 20:12:13,036 - INFO - 🔄 Running setup_hook()...
2025-03-03 20:12:13,041 - INFO - ✅ Successfully loaded admin_commands.py
2025-03-03 20:12:13,042 - INFO - ✅ Successfully loaded economy.py
2025-03-03 20:12:13,043 - INFO - ✅ Successfully loaded shop_browse.py
2025-03-03 20:12:13,045 - INFO - ✅ Successfully loaded shop_requests.py
2025-03-03 20:12:13,045 - INFO - ✅ Successfully loaded shop_transactions.py
2025-03-03 20:12:13,045 - INFO - 🚀 Stanley fully loaded in 0.01 seconds!
2025-03-03 20:12:41,107 - INFO - ✅ Saved `stanley_shop.json` to `/Users/brandireger/Documents/Radiant Citadel/BotScripts/shared_inventories`.
2025-03-03 20:12:41,109 - INFO - ✅ Saved `requests.json` to `/Users/brandireger/Documents/Radiant Citadel/BotScripts/Stanley/stanley_data`.
2025-03-03 20:13:10,576 - ERROR - Ignoring exception in command tree
Traceback (most recent call last):
  File "/Users/brandireger/.pyenv/versions/3.10.4/lib/python3.10/site-packages/discord/app_commands/tree.py", line 1151, in wrapper
    await self._call(interaction)
  File "/Users/brandireger/.pyenv/versions/3.10.4/lib/python3.10/site-packages/discord/app_commands/tree.py", line 1283, in _call
    command, options = self._get_app_command_options(data)
  File "/Users/brandireger/.pyenv/versions/3.10.4/lib/python3.10/site-packages/discord/app_commands/tree.py", line 1187, in _get_app_command_options
    raise CommandNotFound(name, parents)
discord.app_commands.errors.CommandNotFound: Application command 'inventory' not found
2025-03-03 20:13:39,966 - ERROR - Ignoring exception in command None
discord.ext.commands.errors.CommandNotFound: Command "buy" is not found
2025-03-03 20:13:57,915 - INFO - 🔍 shouryuu333 is attempting to buy `holy avenger`.
2025-03-03 20:14:18,071 - INFO - ✅ Saved `gold_data.json` to `/Users/brandireger/Documents/Radiant Citadel/BotScripts/shared_inventories`.
2025-03-03 20:14:18,072 - INFO - ✅ Saved `gold_data.json` to `/Users/brandireger/Documents/Radiant Citadel/BotScripts/shared_inventories`.
2025-03-03 20:14:41,148 - INFO - ✅ Saved `gold_data.json` to `/Users/brandireger/Documents/Radiant Citadel/BotScripts/shared_inventories`.
2025-03-03 20:14:41,153 - INFO - ✅ Saved `gold_data.json` to `/Users/brandireger/Documents/Radiant Citadel/BotScripts/shared_inventories`.
2025-03-03 20:14:54,563 - INFO - 🔍 shouryuu333 is attempting to buy `holy avenger`.
2025-03-03 20:14:54,565 - INFO - ✅ Saved `gold_data.json` to `/Users/brandireger/Documents/Radiant Citadel/BotScripts/shared_inventories`.
2025-03-03 20:14:54,571 - INFO - ✅ Saved `stanley_shop.json` to `/Users/brandireger/Documents/Radiant Citadel/BotScripts/shared_inventories`.
2025-03-03 20:14:54,575 - INFO - ✅ Saved `player_inventories.json` to `/Users/brandireger/Documents/Radiant Citadel/BotScripts/shared_inventories`.
2025-03-03 20:14:54,575 - INFO - ✅ shouryuu333 successfully bought `holy avenger`.
2025-03-03 21:35:06,094 - INFO - Shard ID None has successfully RESUMED session 2dd74409f4423724816ab8b16add3b14.
2025-03-04 00:57:03,392 - INFO - Shard ID None has successfully RESUMED session 2dd74409f4423724816ab8b16add3b14.
2025-03-04 02:43:46,980 - INFO - Shard ID None session has been invalidated.
2025-03-04 02:43:52,275 - INFO - Shard ID None has connected to Gateway (Session ID: 49a9fd67f39ba990dc31fa3e5c62fb3b).
2025-03-04 02:43:54,287 - INFO - 🎩 merchant_bot is online! Logged in as merchant_bot#0794
2025-03-04 02:43:54,289 - INFO - 🔄 Running setup_hook()...
2025-03-04 02:43:54,290 - ERROR - ❌ Failed to load admin_commands.py: Extension 'admin_commands' is already loaded.
2025-03-04 02:43:54,290 - ERROR - ❌ Failed to load economy.py: Extension 'economy' is already loaded.
2025-03-04 02:43:54,290 - ERROR - ❌ Failed to load shop_browse.py: Extension 'shop_browse' is already loaded.
2025-03-04 02:43:54,290 - ERROR - ❌ Failed to load shop_requests.py: Extension 'shop_requests' is already loaded.
2025-03-04 02:43:54,291 - ERROR - ❌ Failed to load shop_transactions.py: Extension 'shop_transactions' is already loaded.
2025-03-04 02:43:54,291 - INFO - 🚀 Stanley fully loaded in 0.00 seconds!
2025-03-04 03:01:04,154 - INFO - Shard ID None session has been invalidated.
2025-03-04 03:01:09,445 - INFO - Shard ID None has connected to Gateway (Session ID: dc1f9c66b435cd7140f5a6839ff2dbba).
2025-03-04 03:01:11,584 - INFO - 🎩 merchant_bot is online! Logged in as merchant_bot#0794
2025-03-04 03:01:11,588 - INFO - 🔄 Running setup_hook()...
2025-03-04 03:01:11,588 - ERROR - ❌ Failed to load admin_commands.py: Extension 'admin_commands' is already loaded.
2025-03-04 03:01:11,588 - ERROR - ❌ Failed to load economy.py: Extension 'economy' is already loaded.
2025-03-04 03:01:11,588 - ERROR - ❌ Failed to load shop_browse.py: Extension 'shop_browse' is already loaded.
2025-03-04 03:01:11,589 - ERROR - ❌ Failed to load shop_requests.py: Extension 'shop_requests' is already loaded.
2025-03-04 03:01:11,589 - ERROR - ❌ Failed to load shop_transactions.py: Extension 'shop_transactions' is already loaded.
2025-03-04 03:01:11,589 - INFO - 🚀 Stanley fully loaded in 0.00 seconds!
2025-03-04 03:18:47,794 - INFO - Shard ID None session has been invalidated.
2025-03-04 03:18:53,119 - INFO - Shard ID None has connected to Gateway (Session ID: 070f91a25013730931efaf0a2d4d2097).
2025-03-04 03:18:55,130 - INFO - 🎩 merchant_bot is online! Logged in as merchant_bot#0794
2025-03-04 03:18:55,132 - INFO - 🔄 Running setup_hook()...
2025-03-04 03:18:55,133 - ERROR - ❌ Failed to load admin_commands.py: Extension 'admin_commands' is already loaded.
2025-03-04 03:18:55,133 - ERROR - ❌ Failed to load economy.py: Extension 'economy' is already loaded.
2025-03-04 03:18:55,133 - ERROR - ❌ Failed to load shop_browse.py: Extension 'shop_browse' is already loaded.
2025-03-04 03:18:55,133 - ERROR - ❌ Failed to load shop_requests.py: Extension 'shop_requests' is already loaded.
2025-03-04 03:18:55,134 - ERROR - ❌ Failed to load shop_transactions.py: Extension 'shop_transactions' is already loaded.
2025-03-04 03:18:55,134 - INFO - 🚀 Stanley fully loaded in 0.00 seconds!
2025-03-04 03:56:23,054 - INFO - Shard ID None session has been invalidated.
2025-03-04 03:56:28,582 - INFO - Shard ID None has connected to Gateway (Session ID: df4458e0dd5353cb798363747c753836).
2025-03-04 03:56:30,590 - INFO - 🎩 merchant_bot is online! Logged in as merchant_bot#0794
2025-03-04 03:56:30,593 - INFO - 🔄 Running setup_hook()...
2025-03-04 03:56:30,594 - ERROR - ❌ Failed to load admin_commands.py: Extension 'admin_commands' is already loaded.
2025-03-04 03:56:30,595 - ERROR - ❌ Failed to load economy.py: Extension 'economy' is already loaded.
2025-03-04 03:56:30,595 - ERROR - ❌ Failed to load shop_browse.py: Extension 'shop_browse' is already loaded.
2025-03-04 03:56:30,595 - ERROR - ❌ Failed to load shop_requests.py: Extension 'shop_requests' is already loaded.
2025-03-04 03:56:30,595 - ERROR - ❌ Failed to load shop_transactions.py: Extension 'shop_transactions' is already loaded.
2025-03-04 03:56:30,596 - INFO - 🚀 Stanley fully loaded in 0.00 seconds!
2025-03-04 04:23:07,712 - INFO - Shard ID None session has been invalidated.
2025-03-04 04:23:13,020 - INFO - Shard ID None has connected to Gateway (Session ID: 1ab982561aad11543083323e614e07d2).
2025-03-04 04:23:15,023 - INFO - 🎩 merchant_bot is online! Logged in as merchant_bot#0794
2025-03-04 04:23:15,024 - INFO - 🔄 Running setup_hook()...
2025-03-04 04:23:15,025 - ERROR - ❌ Failed to load admin_commands.py: Extension 'admin_commands' is already loaded.
2025-03-04 04:23:15,025 - ERROR - ❌ Failed to load economy.py: Extension 'economy' is already loaded.
2025-03-04 04:23:15,026 - ERROR - ❌ Failed to load shop_browse.py: Extension 'shop_browse' is already loaded.
2025-03-04 04:23:15,026 - ERROR - ❌ Failed to load shop_requests.py: Extension 'shop_requests' is already loaded.
2025-03-04 04:23:15,026 - ERROR - ❌ Failed to load shop_transactions.py: Extension 'shop_transactions' is already loaded.
2025-03-04 04:23:15,026 - INFO - 🚀 Stanley fully loaded in 0.00 seconds!
2025-03-04 04:40:21,546 - INFO - Shard ID None session has been invalidated.
2025-03-04 04:40:26,977 - INFO - Shard ID None has connected to Gateway (Session ID: 0599b437cc5ceebc56e75be30a47870c).
2025-03-04 04:40:29,051 - INFO - 🎩 merchant_bot is online! Logged in as merchant_bot#0794
2025-03-04 04:40:29,055 - INFO - 🔄 Running setup_hook()...
2025-03-04 04:40:29,055 - ERROR - ❌ Failed to load admin_commands.py: Extension 'admin_commands' is already loaded.
2025-03-04 04:40:29,055 - ERROR - ❌ Failed to load economy.py: Extension 'economy' is already loaded.
2025-03-04 04:40:29,056 - ERROR - ❌ Failed to load shop_browse.py: Extension 'shop_browse' is already loaded.
2025-03-04 04:40:29,056 - ERROR - ❌ Failed to load shop_requests.py: Extension 'shop_requests' is already loaded.
2025-03-04 04:40:29,056 - ERROR - ❌ Failed to load shop_transactions.py: Extension 'shop_transactions' is already loaded.
2025-03-04 04:40:29,056 - INFO - 🚀 Stanley fully loaded in 0.00 seconds!
2025-03-04 04:56:49,344 - INFO - Shard ID None session has been invalidated.
2025-03-04 04:56:54,790 - INFO - Shard ID None has connected to Gateway (Session ID: 700110d32e17055b0c2d3deadafe3c73).
2025-03-04 04:56:56,798 - INFO - 🎩 merchant_bot is online! Logged in as merchant_bot#0794
2025-03-04 04:56:56,800 - INFO - 🔄 Running setup_hook()...
2025-03-04 04:56:56,800 - ERROR - ❌ Failed to load admin_commands.py: Extension 'admin_commands' is already loaded.
2025-03-04 04:56:56,800 - ERROR - ❌ Failed to load economy.py: Extension 'economy' is already loaded.
2025-03-04 04:56:56,800 - ERROR - ❌ Failed to load shop_browse.py: Extension 'shop_browse' is already loaded.
2025-03-04 04:56:56,800 - ERROR - ❌ Failed to load shop_requests.py: Extension 'shop_requests' is already loaded.
2025-03-04 04:56:56,801 - ERROR - ❌ Failed to load shop_transactions.py: Extension 'shop_transactions' is already loaded.
2025-03-04 04:56:56,801 - INFO - 🚀 Stanley fully loaded in 0.00 seconds!
2025-03-04 05:13:18,768 - INFO - Shard ID None session has been invalidated.
2025-03-04 05:13:24,114 - INFO - Shard ID None has connected to Gateway (Session ID: 071fdd8a426ba19cce6062d78f0ce852).
2025-03-04 05:13:26,315 - INFO - 🎩 merchant_bot is online! Logged in as merchant_bot#0794
2025-03-04 05:13:26,319 - INFO - 🔄 Running setup_hook()...
2025-03-04 05:13:26,319 - ERROR - ❌ Failed to load admin_commands.py: Extension 'admin_commands' is already loaded.
2025-03-04 05:13:26,319 - ERROR - ❌ Failed to load economy.py: Extension 'economy' is already loaded.
2025-03-04 05:13:26,319 - ERROR - ❌ Failed to load shop_browse.py: Extension 'shop_browse' is already loaded.
2025-03-04 05:13:26,319 - ERROR - ❌ Failed to load shop_requests.py: Extension 'shop_requests' is already loaded.
2025-03-04 05:13:26,320 - ERROR - ❌ Failed to load shop_transactions.py: Extension 'shop_transactions' is already loaded.
2025-03-04 05:13:26,320 - INFO - 🚀 Stanley fully loaded in 0.00 seconds!
2025-03-04 05:24:07,028 - INFO - Shard ID None session has been invalidated.
2025-03-04 05:24:12,371 - INFO - Shard ID None has connected to Gateway (Session ID: d8b849b1bdd72908783607923c037b16).
2025-03-04 05:24:14,377 - INFO - 🎩 merchant_bot is online! Logged in as merchant_bot#0794
2025-03-04 05:24:14,379 - INFO - 🔄 Running setup_hook()...
2025-03-04 05:24:14,379 - ERROR - ❌ Failed to load admin_commands.py: Extension 'admin_commands' is already loaded.
2025-03-04 05:24:14,380 - ERROR - ❌ Failed to load economy.py: Extension 'economy' is already loaded.
2025-03-04 05:24:14,380 - ERROR - ❌ Failed to load shop_browse.py: Extension 'shop_browse' is already loaded.
2025-03-04 05:24:14,380 - ERROR - ❌ Failed to load shop_requests.py: Extension 'shop_requests' is already loaded.
2025-03-04 05:24:14,380 - ERROR - ❌ Failed to load shop_transactions.py: Extension 'shop_transactions' is already loaded.
2025-03-04 05:24:14,380 - INFO - 🚀 Stanley fully loaded in 0.00 seconds!
2025-03-04 05:41:30,781 - INFO - Shard ID None session has been invalidated.
2025-03-04 05:41:36,109 - INFO - Shard ID None has connected to Gateway (Session ID: 0e83f4ff4c25e3c1703580575a61349a).
2025-03-04 05:41:38,115 - INFO - 🎩 merchant_bot is online! Logged in as merchant_bot#0794
2025-03-04 05:41:38,117 - INFO - 🔄 Running setup_hook()...
2025-03-04 05:41:38,118 - ERROR - ❌ Failed to load admin_commands.py: Extension 'admin_commands' is already loaded.
2025-03-04 05:41:38,118 - ERROR - ❌ Failed to load economy.py: Extension 'economy' is already loaded.
2025-03-04 05:41:38,118 - ERROR - ❌ Failed to load shop_browse.py: Extension 'shop_browse' is already loaded.
2025-03-04 05:41:38,118 - ERROR - ❌ Failed to load shop_requests.py: Extension 'shop_requests' is already loaded.
2025-03-04 05:41:38,118 - ERROR - ❌ Failed to load shop_transactions.py: Extension 'shop_transactions' is already loaded.
2025-03-04 05:41:38,119 - INFO - 🚀 Stanley fully loaded in 0.00 seconds!
2025-03-04 05:59:05,801 - INFO - Shard ID None session has been invalidated.
2025-03-04 05:59:11,126 - INFO - Shard ID None has connected to Gateway (Session ID: 1059deffdb7388350495546b050919d7).
2025-03-04 05:59:13,134 - INFO - 🎩 merchant_bot is online! Logged in as merchant_bot#0794
2025-03-04 05:59:13,137 - INFO - 🔄 Running setup_hook()...
2025-03-04 05:59:13,137 - ERROR - ❌ Failed to load admin_commands.py: Extension 'admin_commands' is already loaded.
2025-03-04 05:59:13,137 - ERROR - ❌ Failed to load economy.py: Extension 'economy' is already loaded.
2025-03-04 05:59:13,138 - ERROR - ❌ Failed to load shop_browse.py: Extension 'shop_browse' is already loaded.
2025-03-04 05:59:13,138 - ERROR - ❌ Failed to load shop_requests.py: Extension 'shop_requests' is already loaded.
2025-03-04 05:59:13,138 - ERROR - ❌ Failed to load shop_transactions.py: Extension 'shop_transactions' is already loaded.
2025-03-04 05:59:13,138 - INFO - 🚀 Stanley fully loaded in 0.00 seconds!
2025-03-04 06:16:23,305 - INFO - Shard ID None session has been invalidated.
2025-03-04 06:16:28,779 - INFO - Shard ID None has connected to Gateway (Session ID: d956326515898c1c6ff60739e3f49206).
2025-03-04 06:16:30,838 - INFO - 🎩 merchant_bot is online! Logged in as merchant_bot#0794
2025-03-04 06:16:30,839 - INFO - 🔄 Running setup_hook()...
2025-03-04 06:16:30,839 - ERROR - ❌ Failed to load admin_commands.py: Extension 'admin_commands' is already loaded.
2025-03-04 06:16:30,839 - ERROR - ❌ Failed to load economy.py: Extension 'economy' is already loaded.
2025-03-04 06:16:30,839 - ERROR - ❌ Failed to load shop_browse.py: Extension 'shop_browse' is already loaded.
2025-03-04 06:16:30,839 - ERROR - ❌ Failed to load shop_requests.py: Extension 'shop_requests' is already loaded.
2025-03-04 06:16:30,839 - ERROR - ❌ Failed to load shop_transactions.py: Extension 'shop_transactions' is already loaded.
2025-03-04 06:16:30,839 - INFO - 🚀 Stanley fully loaded in 0.00 seconds!
2025-03-04 06:25:18,229 - INFO - Shard ID None session has been invalidated.
2025-03-04 06:25:23,503 - INFO - Shard ID None has connected to Gateway (Session ID: 36960b18f4656e1a98536255b3765d2b).
2025-03-04 06:25:25,526 - INFO - 🎩 merchant_bot is online! Logged in as merchant_bot#0794
2025-03-04 06:25:25,528 - INFO - 🔄 Running setup_hook()...
2025-03-04 06:25:25,529 - ERROR - ❌ Failed to load admin_commands.py: Extension 'admin_commands' is already loaded.
2025-03-04 06:25:25,530 - ERROR - ❌ Failed to load economy.py: Extension 'economy' is already loaded.
2025-03-04 06:25:25,531 - ERROR - ❌ Failed to load shop_browse.py: Extension 'shop_browse' is already loaded.
2025-03-04 06:25:25,531 - ERROR - ❌ Failed to load shop_requests.py: Extension 'shop_requests' is already loaded.
2025-03-04 06:25:25,531 - ERROR - ❌ Failed to load shop_transactions.py: Extension 'shop_transactions' is already loaded.
2025-03-04 06:25:25,531 - INFO - 🚀 Stanley fully loaded in 0.00 seconds!
2025-03-04 06:43:07,600 - INFO - Shard ID None session has been invalidated.
2025-03-04 06:43:12,894 - INFO - Shard ID None has connected to Gateway (Session ID: ed487ccc95c7d3d3fb32b2b7341aa116).
2025-03-04 06:43:14,902 - INFO - 🎩 merchant_bot is online! Logged in as merchant_bot#0794
2025-03-04 06:43:14,905 - INFO - 🔄 Running setup_hook()...
2025-03-04 06:43:14,905 - ERROR - ❌ Failed to load admin_commands.py: Extension 'admin_commands' is already loaded.
2025-03-04 06:43:14,905 - ERROR - ❌ Failed to load economy.py: Extension 'economy' is already loaded.
2025-03-04 06:43:14,905 - ERROR - ❌ Failed to load shop_browse.py: Extension 'shop_browse' is already loaded.
2025-03-04 06:43:14,905 - ERROR - ❌ Failed to load shop_requests.py: Extension 'shop_requests' is already loaded.
2025-03-04 06:43:14,905 - ERROR - ❌ Failed to load shop_transactions.py: Extension 'shop_transactions' is already loaded.
2025-03-04 06:43:14,905 - INFO - 🚀 Stanley fully loaded in 0.00 seconds!
2025-03-04 07:01:47,485 - INFO - Shard ID None session has been invalidated.
2025-03-04 07:01:53,162 - INFO - Shard ID None has connected to Gateway (Session ID: 99fc3143e15c5bc8a7ac3e34da3ee788).
2025-03-04 07:01:55,173 - INFO - 🎩 merchant_bot is online! Logged in as merchant_bot#0794
2025-03-04 07:01:55,176 - INFO - 🔄 Running setup_hook()...
2025-03-04 07:01:55,177 - ERROR - ❌ Failed to load admin_commands.py: Extension 'admin_commands' is already loaded.
2025-03-04 07:01:55,177 - ERROR - ❌ Failed to load economy.py: Extension 'economy' is already loaded.
2025-03-04 07:01:55,177 - ERROR - ❌ Failed to load shop_browse.py: Extension 'shop_browse' is already loaded.
2025-03-04 07:01:55,178 - ERROR - ❌ Failed to load shop_requests.py: Extension 'shop_requests' is already loaded.
2025-03-04 07:01:55,178 - ERROR - ❌ Failed to load shop_transactions.py: Extension 'shop_transactions' is already loaded.
2025-03-04 07:01:55,178 - INFO - 🚀 Stanley fully loaded in 0.00 seconds!
2025-03-04 07:20:05,554 - INFO - Shard ID None session has been invalidated.
2025-03-04 07:20:10,855 - INFO - Shard ID None has connected to Gateway (Session ID: 04035c2d492df2cf879f558ced33bfee).
2025-03-04 07:20:12,865 - INFO - 🎩 merchant_bot is online! Logged in as merchant_bot#0794
2025-03-04 07:20:12,867 - INFO - 🔄 Running setup_hook()...
2025-03-04 07:20:12,867 - ERROR - ❌ Failed to load admin_commands.py: Extension 'admin_commands' is already loaded.
2025-03-04 07:20:12,868 - ERROR - ❌ Failed to load economy.py: Extension 'economy' is already loaded.
2025-03-04 07:20:12,868 - ERROR - ❌ Failed to load shop_browse.py: Extension 'shop_browse' is already loaded.
2025-03-04 07:20:12,868 - ERROR - ❌ Failed to load shop_requests.py: Extension 'shop_requests' is already loaded.
2025-03-04 07:20:12,869 - ERROR - ❌ Failed to load shop_transactions.py: Extension 'shop_transactions' is already loaded.
2025-03-04 07:20:12,869 - INFO - 🚀 Stanley fully loaded in 0.00 seconds!
2025-03-04 07:26:06,899 - INFO - Shard ID None session has been invalidated.
2025-03-04 07:26:12,314 - INFO - Shard ID None has connected to Gateway (Session ID: a0a91ad9c48e7863f20254656cf00978).
2025-03-04 07:26:14,322 - INFO - 🎩 merchant_bot is online! Logged in as merchant_bot#0794
2025-03-04 07:26:14,324 - INFO - 🔄 Running setup_hook()...
2025-03-04 07:26:14,324 - ERROR - ❌ Failed to load admin_commands.py: Extension 'admin_commands' is already loaded.
2025-03-04 07:26:14,325 - ERROR - ❌ Failed to load economy.py: Extension 'economy' is already loaded.
2025-03-04 07:26:14,325 - ERROR - ❌ Failed to load shop_browse.py: Extension 'shop_browse' is already loaded.
2025-03-04 07:26:14,326 - ERROR - ❌ Failed to load shop_requests.py: Extension 'shop_requests' is already loaded.
2025-03-04 07:26:14,326 - ERROR - ❌ Failed to load shop_transactions.py: Extension 'shop_transactions' is already loaded.
2025-03-04 07:26:14,326 - INFO - 🚀 Stanley fully loaded in 0.00 seconds!
2025-03-04 07:44:21,584 - INFO - Shard ID None session has been invalidated.
2025-03-04 07:44:26,872 - INFO - Shard ID None has connected to Gateway (Session ID: 4a8178d8d6ccee38c25125f1f40f4880).
2025-03-04 07:44:28,885 - INFO - 🎩 merchant_bot is online! Logged in as merchant_bot#0794
2025-03-04 07:44:28,887 - INFO - 🔄 Running setup_hook()...
2025-03-04 07:44:28,888 - ERROR - ❌ Failed to load admin_commands.py: Extension 'admin_commands' is already loaded.
2025-03-04 07:44:28,888 - ERROR - ❌ Failed to load economy.py: Extension 'economy' is already loaded.
2025-03-04 07:44:28,890 - ERROR - ❌ Failed to load shop_browse.py: Extension 'shop_browse' is already loaded.
2025-03-04 07:44:28,890 - ERROR - ❌ Failed to load shop_requests.py: Extension 'shop_requests' is already loaded.
2025-03-04 07:44:28,890 - ERROR - ❌ Failed to load shop_transactions.py: Extension 'shop_transactions' is already loaded.
2025-03-04 07:44:28,890 - INFO - 🚀 Stanley fully loaded in 0.00 seconds!
2025-03-04 08:02:35,458 - INFO - Shard ID None session has been invalidated.
2025-03-04 08:02:40,842 - INFO - Shard ID None has connected to Gateway (Session ID: 0586de17bbd47a85be6cb7c774397198).
2025-03-04 08:02:42,878 - INFO - 🎩 merchant_bot is online! Logged in as merchant_bot#0794
2025-03-04 08:02:42,880 - INFO - 🔄 Running setup_hook()...
2025-03-04 08:02:42,881 - ERROR - ❌ Failed to load admin_commands.py: Extension 'admin_commands' is already loaded.
2025-03-04 08:02:42,881 - ERROR - ❌ Failed to load economy.py: Extension 'economy' is already loaded.
2025-03-04 08:02:42,881 - ERROR - ❌ Failed to load shop_browse.py: Extension 'shop_browse' is already loaded.
2025-03-04 08:02:42,882 - ERROR - ❌ Failed to load shop_requests.py: Extension 'shop_requests' is already loaded.
2025-03-04 08:02:42,882 - ERROR - ❌ Failed to load shop_transactions.py: Extension 'shop_transactions' is already loaded.
2025-03-04 08:02:42,882 - INFO - 🚀 Stanley fully loaded in 0.00 seconds!
2025-03-04 08:20:17,554 - INFO - Shard ID None session has been invalidated.
2025-03-04 08:20:22,893 - INFO - Shard ID None has connected to Gateway (Session ID: c34705ea74f03a9a22490d10a01a3de0).
2025-03-04 08:20:24,904 - INFO - 🎩 merchant_bot is online! Logged in as merchant_bot#0794
2025-03-04 08:20:24,906 - INFO - 🔄 Running setup_hook()...
2025-03-04 08:20:24,907 - ERROR - ❌ Failed to load admin_commands.py: Extension 'admin_commands' is already loaded.
2025-03-04 08:20:24,907 - ERROR - ❌ Failed to load economy.py: Extension 'economy' is already loaded.
2025-03-04 08:20:24,907 - ERROR - ❌ Failed to load shop_browse.py: Extension 'shop_browse' is already loaded.
2025-03-04 08:20:24,907 - ERROR - ❌ Failed to load shop_requests.py: Extension 'shop_requests' is already loaded.
2025-03-04 08:20:24,908 - ERROR - ❌ Failed to load shop_transactions.py: Extension 'shop_transactions' is already loaded.
2025-03-04 08:20:24,908 - INFO - 🚀 Stanley fully loaded in 0.00 seconds!
2025-03-04 08:27:10,230 - INFO - Shard ID None session has been invalidated.
2025-03-04 08:27:15,587 - INFO - Shard ID None has connected to Gateway (Session ID: 0b26fc3380da5b414055812192837bb2).
2025-03-04 08:27:17,593 - INFO - 🎩 merchant_bot is online! Logged in as merchant_bot#0794
2025-03-04 08:27:17,595 - INFO - 🔄 Running setup_hook()...
2025-03-04 08:27:17,596 - ERROR - ❌ Failed to load admin_commands.py: Extension 'admin_commands' is already loaded.
2025-03-04 08:27:17,596 - ERROR - ❌ Failed to load economy.py: Extension 'economy' is already loaded.
2025-03-04 08:27:17,596 - ERROR - ❌ Failed to load shop_browse.py: Extension 'shop_browse' is already loaded.
2025-03-04 08:27:17,596 - ERROR - ❌ Failed to load shop_requests.py: Extension 'shop_requests' is already loaded.
2025-03-04 08:27:17,596 - ERROR - ❌ Failed to load shop_transactions.py: Extension 'shop_transactions' is already loaded.
2025-03-04 08:27:17,596 - INFO - 🚀 Stanley fully loaded in 0.00 seconds!
2025-03-04 08:54:11,746 - INFO - Shard ID None session has been invalidated.
2025-03-04 08:54:17,118 - INFO - Shard ID None has connected to Gateway (Session ID: cca3d93a4df77995934d190312205fab).
2025-03-04 08:54:19,125 - INFO - 🎩 merchant_bot is online! Logged in as merchant_bot#0794
2025-03-04 08:54:19,127 - INFO - 🔄 Running setup_hook()...
2025-03-04 08:54:19,128 - ERROR - ❌ Failed to load admin_commands.py: Extension 'admin_commands' is already loaded.
2025-03-04 08:54:19,128 - ERROR - ❌ Failed to load economy.py: Extension 'economy' is already loaded.
2025-03-04 08:54:19,128 - ERROR - ❌ Failed to load shop_browse.py: Extension 'shop_browse' is already loaded.
2025-03-04 08:54:19,129 - ERROR - ❌ Failed to load shop_requests.py: Extension 'shop_requests' is already loaded.
2025-03-04 08:54:19,129 - ERROR - ❌ Failed to load shop_transactions.py: Extension 'shop_transactions' is already loaded.
2025-03-04 08:54:19,129 - INFO - 🚀 Stanley fully loaded in 0.00 seconds!
2025-03-04 09:00:31,036 - INFO - Shard ID None session has been invalidated.
2025-03-04 09:00:36,476 - INFO - Shard ID None has connected to Gateway (Session ID: aad156039d2b7d4f8ad405b5772e16b0).
2025-03-04 09:00:38,481 - INFO - 🎩 merchant_bot is online! Logged in as merchant_bot#0794
2025-03-04 09:00:38,483 - INFO - 🔄 Running setup_hook()...
2025-03-04 09:00:38,483 - ERROR - ❌ Failed to load admin_commands.py: Extension 'admin_commands' is already loaded.
2025-03-04 09:00:38,483 - ERROR - ❌ Failed to load economy.py: Extension 'economy' is already loaded.
2025-03-04 09:00:38,483 - ERROR - ❌ Failed to load shop_browse.py: Extension 'shop_browse' is already loaded.
2025-03-04 09:00:38,483 - ERROR - ❌ Failed to load shop_requests.py: Extension 'shop_requests' is already loaded.
2025-03-04 09:00:38,483 - ERROR - ❌ Failed to load shop_transactions.py: Extension 'shop_transactions' is already loaded.
2025-03-04 09:00:38,483 - INFO - 🚀 Stanley fully loaded in 0.00 seconds!
2025-03-04 09:18:13,316 - INFO - Shard ID None session has been invalidated.
2025-03-04 09:18:18,843 - INFO - Shard ID None has connected to Gateway (Session ID: 68ce3911d26e41c5f427432acc8b8e28).
2025-03-04 09:18:20,855 - INFO - 🎩 merchant_bot is online! Logged in as merchant_bot#0794
2025-03-04 09:18:20,859 - INFO - 🔄 Running setup_hook()...
2025-03-04 09:18:20,859 - ERROR - ❌ Failed to load admin_commands.py: Extension 'admin_commands' is already loaded.
2025-03-04 09:18:20,859 - ERROR - ❌ Failed to load economy.py: Extension 'economy' is already loaded.
2025-03-04 09:18:20,860 - ERROR - ❌ Failed to load shop_browse.py: Extension 'shop_browse' is already loaded.
2025-03-04 09:18:20,860 - ERROR - ❌ Failed to load shop_requests.py: Extension 'shop_requests' is already loaded.
2025-03-04 09:18:20,861 - ERROR - ❌ Failed to load shop_transactions.py: Extension 'shop_transactions' is already loaded.
2025-03-04 09:18:20,861 - INFO - 🚀 Stanley fully loaded in 0.00 seconds!
2025-03-04 09:30:05,246 - INFO - Shard ID None session has been invalidated.
2025-03-04 09:30:10,751 - INFO - Shard ID None has connected to Gateway (Session ID: 3d012422e0f2cda657b7483963384ac6).
2025-03-04 09:30:12,759 - INFO - 🎩 merchant_bot is online! Logged in as merchant_bot#0794
2025-03-04 09:30:12,761 - INFO - 🔄 Running setup_hook()...
2025-03-04 09:30:12,761 - ERROR - ❌ Failed to load admin_commands.py: Extension 'admin_commands' is already loaded.
2025-03-04 09:30:12,761 - ERROR - ❌ Failed to load economy.py: Extension 'economy' is already loaded.
2025-03-04 09:30:12,761 - ERROR - ❌ Failed to load shop_browse.py: Extension 'shop_browse' is already loaded.
2025-03-04 09:30:12,762 - ERROR - ❌ Failed to load shop_requests.py: Extension 'shop_requests' is already loaded.
2025-03-04 09:30:12,762 - ERROR - ❌ Failed to load shop_transactions.py: Extension 'shop_transactions' is already loaded.
2025-03-04 09:30:12,762 - INFO - 🚀 Stanley fully loaded in 0.00 seconds!
2025-03-04 09:42:43,982 - INFO - Shard ID None session has been invalidated.
2025-03-04 09:42:49,401 - INFO - Shard ID None has connected to Gateway (Session ID: f9088b548ff4532e51d7c5107d962f9f).
2025-03-04 09:42:51,424 - INFO - 🎩 merchant_bot is online! Logged in as merchant_bot#0794
2025-03-04 09:42:51,426 - INFO - 🔄 Running setup_hook()...
2025-03-04 09:42:51,427 - ERROR - ❌ Failed to load admin_commands.py: Extension 'admin_commands' is already loaded.
2025-03-04 09:42:51,427 - ERROR - ❌ Failed to load economy.py: Extension 'economy' is already loaded.
2025-03-04 09:42:51,427 - ERROR - ❌ Failed to load shop_browse.py: Extension 'shop_browse' is already loaded.
2025-03-04 09:42:51,428 - ERROR - ❌ Failed to load shop_requests.py: Extension 'shop_requests' is already loaded.
2025-03-04 09:42:51,428 - ERROR - ❌ Failed to load shop_transactions.py: Extension 'shop_transactions' is already loaded.
2025-03-04 09:42:51,428 - INFO - 🚀 Stanley fully loaded in 0.00 seconds!
2025-03-04 10:25:18,821 - INFO - Shard ID None session has been invalidated.
2025-03-04 10:25:24,159 - INFO - Shard ID None has connected to Gateway (Session ID: 780b50a8b4662d255869f179097dd7dd).
2025-03-04 10:25:26,168 - INFO - 🎩 merchant_bot is online! Logged in as merchant_bot#0794
2025-03-04 10:25:26,170 - INFO - 🔄 Running setup_hook()...
2025-03-04 10:25:26,171 - ERROR - ❌ Failed to load admin_commands.py: Extension 'admin_commands' is already loaded.
2025-03-04 10:25:26,171 - ERROR - ❌ Failed to load economy.py: Extension 'economy' is already loaded.
2025-03-04 10:25:26,171 - ERROR - ❌ Failed to load shop_browse.py: Extension 'shop_browse' is already loaded.
2025-03-04 10:25:26,171 - ERROR - ❌ Failed to load shop_requests.py: Extension 'shop_requests' is already loaded.
2025-03-04 10:25:26,171 - ERROR - ❌ Failed to load shop_transactions.py: Extension 'shop_transactions' is already loaded.
2025-03-04 10:25:26,171 - INFO - 🚀 Stanley fully loaded in 0.00 seconds!
2025-03-04 10:41:43,507 - INFO - Shard ID None session has been invalidated.
2025-03-04 10:41:48,857 - INFO - Shard ID None has connected to Gateway (Session ID: e424f0860bd4669fd9a0612de2d154e9).
2025-03-04 10:41:50,865 - INFO - 🎩 merchant_bot is online! Logged in as merchant_bot#0794
2025-03-04 10:41:50,867 - INFO - 🔄 Running setup_hook()...
2025-03-04 10:41:50,868 - ERROR - ❌ Failed to load admin_commands.py: Extension 'admin_commands' is already loaded.
2025-03-04 10:41:50,868 - ERROR - ❌ Failed to load economy.py: Extension 'economy' is already loaded.
2025-03-04 10:41:50,868 - ERROR - ❌ Failed to load shop_browse.py: Extension 'shop_browse' is already loaded.
2025-03-04 10:41:50,868 - ERROR - ❌ Failed to load shop_requests.py: Extension 'shop_requests' is already loaded.
2025-03-04 10:41:50,868 - ERROR - ❌ Failed to load shop_transactions.py: Extension 'shop_transactions' is already loaded.
2025-03-04 10:41:50,868 - INFO - 🚀 Stanley fully loaded in 0.00 seconds!
2025-03-04 10:59:46,542 - INFO - Shard ID None session has been invalidated.
2025-03-04 10:59:51,891 - INFO - Shard ID None has connected to Gateway (Session ID: 103979eed5d2157ec332c065e245ce2e).
2025-03-04 10:59:53,903 - INFO - 🎩 merchant_bot is online! Logged in as merchant_bot#0794
2025-03-04 10:59:53,906 - INFO - 🔄 Running setup_hook()...
2025-03-04 10:59:53,906 - ERROR - ❌ Failed to load admin_commands.py: Extension 'admin_commands' is already loaded.
2025-03-04 10:59:53,907 - ERROR - ❌ Failed to load economy.py: Extension 'economy' is already loaded.
2025-03-04 10:59:53,907 - ERROR - ❌ Failed to load shop_browse.py: Extension 'shop_browse' is already loaded.
2025-03-04 10:59:53,907 - ERROR - ❌ Failed to load shop_requests.py: Extension 'shop_requests' is already loaded.
2025-03-04 10:59:53,907 - ERROR - ❌ Failed to load shop_transactions.py: Extension 'shop_transactions' is already loaded.
2025-03-04 10:59:53,907 - INFO - 🚀 Stanley fully loaded in 0.00 seconds!
2025-03-04 11:10:06,467 - INFO - Shard ID None session has been invalidated.
2025-03-04 11:10:12,079 - INFO - Shard ID None has connected to Gateway (Session ID: 0fc80fa450fd157f7820240bbc6d49a7).
2025-03-04 11:10:14,096 - INFO - 🎩 merchant_bot is online! Logged in as merchant_bot#0794
2025-03-04 11:10:14,098 - INFO - 🔄 Running setup_hook()...
2025-03-04 11:10:14,099 - ERROR - ❌ Failed to load admin_commands.py: Extension 'admin_commands' is already loaded.
2025-03-04 11:10:14,100 - ERROR - ❌ Failed to load economy.py: Extension 'economy' is already loaded.
2025-03-04 11:10:14,100 - ERROR - ❌ Failed to load shop_browse.py: Extension 'shop_browse' is already loaded.
2025-03-04 11:10:14,101 - ERROR - ❌ Failed to load shop_requests.py: Extension 'shop_requests' is already loaded.
2025-03-04 11:10:14,101 - ERROR - ❌ Failed to load shop_transactions.py: Extension 'shop_transactions' is already loaded.
2025-03-04 11:10:14,101 - INFO - 🚀 Stanley fully loaded in 0.00 seconds!
2025-03-04 11:51:34,027 - INFO - Shard ID None session has been invalidated.
2025-03-04 11:51:39,330 - INFO - Shard ID None has connected to Gateway (Session ID: 5a9486ea3c4beed6985d03ebf9cbc9b5).
2025-03-04 11:51:41,336 - INFO - 🎩 merchant_bot is online! Logged in as merchant_bot#0794
2025-03-04 11:51:41,343 - INFO - 🔄 Running setup_hook()...
2025-03-04 11:51:41,344 - ERROR - ❌ Failed to load admin_commands.py: Extension 'admin_commands' is already loaded.
2025-03-04 11:51:41,344 - ERROR - ❌ Failed to load economy.py: Extension 'economy' is already loaded.
2025-03-04 11:51:41,344 - ERROR - ❌ Failed to load shop_browse.py: Extension 'shop_browse' is already loaded.
2025-03-04 11:51:41,344 - ERROR - ❌ Failed to load shop_requests.py: Extension 'shop_requests' is already loaded.
2025-03-04 11:51:41,345 - ERROR - ❌ Failed to load shop_transactions.py: Extension 'shop_transactions' is already loaded.
2025-03-04 11:51:41,345 - INFO - 🚀 Stanley fully loaded in 0.00 seconds!
2025-03-04 12:19:49,341 - INFO - Shard ID None session has been invalidated.
2025-03-04 12:19:54,991 - INFO - Shard ID None has connected to Gateway (Session ID: a76183df47ba5e1d8e1429e2f7ea8e5b).
2025-03-04 12:19:57,001 - INFO - 🎩 merchant_bot is online! Logged in as merchant_bot#0794
2025-03-04 12:19:57,005 - INFO - 🔄 Running setup_hook()...
2025-03-04 12:19:57,005 - ERROR - ❌ Failed to load admin_commands.py: Extension 'admin_commands' is already loaded.
2025-03-04 12:19:57,006 - ERROR - ❌ Failed to load economy.py: Extension 'economy' is already loaded.
2025-03-04 12:19:57,006 - ERROR - ❌ Failed to load shop_browse.py: Extension 'shop_browse' is already loaded.
2025-03-04 12:19:57,006 - ERROR - ❌ Failed to load shop_requests.py: Extension 'shop_requests' is already loaded.
2025-03-04 12:19:57,006 - ERROR - ❌ Failed to load shop_transactions.py: Extension 'shop_transactions' is already loaded.
2025-03-04 12:19:57,006 - INFO - 🚀 Stanley fully loaded in 0.00 seconds!
2025-03-04 12:37:06,050 - INFO - Shard ID None session has been invalidated.
2025-03-04 12:37:11,442 - INFO - Shard ID None has connected to Gateway (Session ID: 12bb2e92139e8a0ba398f6386a49a431).
2025-03-04 12:37:13,450 - INFO - 🎩 merchant_bot is online! Logged in as merchant_bot#0794
2025-03-04 12:37:13,454 - INFO - 🔄 Running setup_hook()...
2025-03-04 12:37:13,454 - ERROR - ❌ Failed to load admin_commands.py: Extension 'admin_commands' is already loaded.
2025-03-04 12:37:13,454 - ERROR - ❌ Failed to load economy.py: Extension 'economy' is already loaded.
2025-03-04 12:37:13,454 - ERROR - ❌ Failed to load shop_browse.py: Extension 'shop_browse' is already loaded.
2025-03-04 12:37:13,456 - ERROR - ❌ Failed to load shop_requests.py: Extension 'shop_requests' is already loaded.
2025-03-04 12:37:13,457 - ERROR - ❌ Failed to load shop_transactions.py: Extension 'shop_transactions' is already loaded.
2025-03-04 12:37:13,457 - INFO - 🚀 Stanley fully loaded in 0.00 seconds!
2025-03-04 12:58:45,431 - INFO - Shard ID None session has been invalidated.
2025-03-04 12:58:50,905 - INFO - Shard ID None has connected to Gateway (Session ID: 7ad800fa53f9a6c0fc4cb33607fe09e6).
2025-03-04 12:58:52,912 - INFO - 🎩 merchant_bot is online! Logged in as merchant_bot#0794
2025-03-04 12:58:52,914 - INFO - 🔄 Running setup_hook()...
2025-03-04 12:58:52,914 - ERROR - ❌ Failed to load admin_commands.py: Extension 'admin_commands' is already loaded.
2025-03-04 12:58:52,915 - ERROR - ❌ Failed to load economy.py: Extension 'economy' is already loaded.
2025-03-04 12:58:52,915 - ERROR - ❌ Failed to load shop_browse.py: Extension 'shop_browse' is already loaded.
2025-03-04 12:58:52,915 - ERROR - ❌ Failed to load shop_requests.py: Extension 'shop_requests' is already loaded.
2025-03-04 12:58:52,915 - ERROR - ❌ Failed to load shop_transactions.py: Extension 'shop_transactions' is already loaded.
2025-03-04 12:58:52,915 - INFO - 🚀 Stanley fully loaded in 0.00 seconds!
2025-03-04 13:36:20,598 - INFO - Shard ID None session has been invalidated.
2025-03-04 13:36:26,377 - INFO - Shard ID None has connected to Gateway (Session ID: a8095805cd1cfe526708b433dfaaa79c).
2025-03-04 13:36:28,386 - INFO - 🎩 merchant_bot is online! Logged in as merchant_bot#0794
2025-03-04 13:36:28,389 - INFO - 🔄 Running setup_hook()...
2025-03-04 13:36:28,390 - ERROR - ❌ Failed to load admin_commands.py: Extension 'admin_commands' is already loaded.
2025-03-04 13:36:28,390 - ERROR - ❌ Failed to load economy.py: Extension 'economy' is already loaded.
2025-03-04 13:36:28,390 - ERROR - ❌ Failed to load shop_browse.py: Extension 'shop_browse' is already loaded.
2025-03-04 13:36:28,391 - ERROR - ❌ Failed to load shop_requests.py: Extension 'shop_requests' is already loaded.
2025-03-04 13:36:28,391 - ERROR - ❌ Failed to load shop_transactions.py: Extension 'shop_transactions' is already loaded.
2025-03-04 13:36:28,391 - INFO - 🚀 Stanley fully loaded in 0.00 seconds!
2025-03-04 13:53:39,423 - INFO - Shard ID None session has been invalidated.
2025-03-04 13:53:44,713 - INFO - Shard ID None has connected to Gateway (Session ID: 2d491691ddd195d7d9d8eba83c888be3).
2025-03-04 13:53:46,726 - INFO - 🎩 merchant_bot is online! Logged in as merchant_bot#0794
2025-03-04 13:53:46,729 - INFO - 🔄 Running setup_hook()...
2025-03-04 13:53:46,730 - ERROR - ❌ Failed to load admin_commands.py: Extension 'admin_commands' is already loaded.
2025-03-04 13:53:46,730 - ERROR - ❌ Failed to load economy.py: Extension 'economy' is already loaded.
2025-03-04 13:53:46,730 - ERROR - ❌ Failed to load shop_browse.py: Extension 'shop_browse' is already loaded.
2025-03-04 13:53:46,730 - ERROR - ❌ Failed to load shop_requests.py: Extension 'shop_requests' is already loaded.
2025-03-04 13:53:46,731 - ERROR - ❌ Failed to load shop_transactions.py: Extension 'shop_transactions' is already loaded.
2025-03-04 13:53:46,731 - INFO - 🚀 Stanley fully loaded in 0.00 seconds!
2025-03-04 14:11:15,757 - INFO - Shard ID None session has been invalidated.
2025-03-04 14:11:21,047 - INFO - Shard ID None has connected to Gateway (Session ID: c56c2ccfada97693f3bd02b9d39b7dfc).
2025-03-04 14:11:23,054 - INFO - 🎩 merchant_bot is online! Logged in as merchant_bot#0794
2025-03-04 14:11:23,058 - INFO - 🔄 Running setup_hook()...
2025-03-04 14:11:23,058 - ERROR - ❌ Failed to load admin_commands.py: Extension 'admin_commands' is already loaded.
2025-03-04 14:11:23,058 - ERROR - ❌ Failed to load economy.py: Extension 'economy' is already loaded.
2025-03-04 14:11:23,060 - ERROR - ❌ Failed to load shop_browse.py: Extension 'shop_browse' is already loaded.
2025-03-04 14:11:23,060 - ERROR - ❌ Failed to load shop_requests.py: Extension 'shop_requests' is already loaded.
2025-03-04 14:11:23,060 - ERROR - ❌ Failed to load shop_transactions.py: Extension 'shop_transactions' is already loaded.
2025-03-04 14:11:23,060 - INFO - 🚀 Stanley fully loaded in 0.00 seconds!
2025-03-04 14:27:50,044 - INFO - Shard ID None session has been invalidated.
2025-03-04 14:27:55,583 - INFO - Shard ID None has connected to Gateway (Session ID: f2e94cf8142855be43cbaa91d34a0bc4).
2025-03-04 14:27:57,594 - INFO - 🎩 merchant_bot is online! Logged in as merchant_bot#0794
2025-03-04 14:27:57,597 - INFO - 🔄 Running setup_hook()...
2025-03-04 14:27:57,598 - ERROR - ❌ Failed to load admin_commands.py: Extension 'admin_commands' is already loaded.
2025-03-04 14:27:57,599 - ERROR - ❌ Failed to load economy.py: Extension 'economy' is already loaded.
2025-03-04 14:27:57,599 - ERROR - ❌ Failed to load shop_browse.py: Extension 'shop_browse' is already loaded.
2025-03-04 14:27:57,599 - ERROR - ❌ Failed to load shop_requests.py: Extension 'shop_requests' is already loaded.
2025-03-04 14:27:57,599 - ERROR - ❌ Failed to load shop_transactions.py: Extension 'shop_transactions' is already loaded.
2025-03-04 14:27:57,599 - INFO - 🚀 Stanley fully loaded in 0.00 seconds!
2025-03-04 14:43:32,077 - INFO - Shard ID None session has been invalidated.
2025-03-04 14:43:37,818 - INFO - Shard ID None has connected to Gateway (Session ID: d88e1ee0770406264704e5d3f7c6e1fa).
2025-03-04 14:43:39,827 - INFO - 🎩 merchant_bot is online! Logged in as merchant_bot#0794
2025-03-04 14:43:39,830 - INFO - 🔄 Running setup_hook()...
2025-03-04 14:43:39,830 - ERROR - ❌ Failed to load admin_commands.py: Extension 'admin_commands' is already loaded.
2025-03-04 14:43:39,831 - ERROR - ❌ Failed to load economy.py: Extension 'economy' is already loaded.
2025-03-04 14:43:39,831 - ERROR - ❌ Failed to load shop_browse.py: Extension 'shop_browse' is already loaded.
2025-03-04 14:43:39,831 - ERROR - ❌ Failed to load shop_requests.py: Extension 'shop_requests' is already loaded.
2025-03-04 14:43:39,832 - ERROR - ❌ Failed to load shop_transactions.py: Extension 'shop_transactions' is already loaded.
2025-03-04 14:43:39,832 - INFO - 🚀 Stanley fully loaded in 0.00 seconds!
2025-03-04 15:00:11,280 - INFO - Shard ID None session has been invalidated.
2025-03-04 15:00:16,621 - INFO - Shard ID None has connected to Gateway (Session ID: 27d5c2f9752a4ab6799e24023fcdfb34).
2025-03-04 15:00:18,628 - INFO - 🎩 merchant_bot is online! Logged in as merchant_bot#0794
2025-03-04 15:00:18,631 - INFO - 🔄 Running setup_hook()...
2025-03-04 15:00:18,631 - ERROR - ❌ Failed to load admin_commands.py: Extension 'admin_commands' is already loaded.
2025-03-04 15:00:18,632 - ERROR - ❌ Failed to load economy.py: Extension 'economy' is already loaded.
2025-03-04 15:00:18,632 - ERROR - ❌ Failed to load shop_browse.py: Extension 'shop_browse' is already loaded.
2025-03-04 15:00:18,632 - ERROR - ❌ Failed to load shop_requests.py: Extension 'shop_requests' is already loaded.
2025-03-04 15:00:18,632 - ERROR - ❌ Failed to load shop_transactions.py: Extension 'shop_transactions' is already loaded.
2025-03-04 15:00:18,632 - INFO - 🚀 Stanley fully loaded in 0.00 seconds!
2025-03-04 15:09:04,699 - INFO - Shard ID None session has been invalidated.
2025-03-04 15:09:10,016 - INFO - Shard ID None has connected to Gateway (Session ID: 46477b8facc6d99f6b158cb7bf507d8b).
2025-03-04 15:09:12,023 - INFO - 🎩 merchant_bot is online! Logged in as merchant_bot#0794
2025-03-04 15:09:12,025 - INFO - 🔄 Running setup_hook()...
2025-03-04 15:09:12,025 - ERROR - ❌ Failed to load admin_commands.py: Extension 'admin_commands' is already loaded.
2025-03-04 15:09:12,026 - ERROR - ❌ Failed to load economy.py: Extension 'economy' is already loaded.
2025-03-04 15:09:12,026 - ERROR - ❌ Failed to load shop_browse.py: Extension 'shop_browse' is already loaded.
2025-03-04 15:09:12,026 - ERROR - ❌ Failed to load shop_requests.py: Extension 'shop_requests' is already loaded.
2025-03-04 15:09:12,027 - ERROR - ❌ Failed to load shop_transactions.py: Extension 'shop_transactions' is already loaded.
2025-03-04 15:09:12,027 - INFO - 🚀 Stanley fully loaded in 0.00 seconds!
2025-03-04 15:44:33,135 - WARNING - PyNaCl is not installed, voice will NOT be supported
2025-03-04 15:44:33,140 - INFO - logging in using static token
2025-03-04 15:44:34,070 - INFO - Shard ID None has connected to Gateway (Session ID: b2fa6dd7e0055d2fa0bd34b8992d524a).
2025-03-04 15:44:36,074 - INFO - 🎩 merchant_bot is online! Logged in as merchant_bot#0794
2025-03-04 15:44:36,075 - INFO - 🔄 Running setup_hook()...
2025-03-04 15:44:36,076 - INFO - ✅ Successfully loaded admin_commands.py
2025-03-04 15:44:36,078 - INFO - ✅ Successfully loaded economy.py
2025-03-04 15:44:36,079 - INFO - ✅ Successfully loaded shop_browse.py
2025-03-04 15:44:36,080 - INFO - ✅ Successfully loaded shop_requests.py
2025-03-04 15:44:36,080 - INFO - ✅ Successfully loaded shop_transactions.py
2025-03-04 15:44:36,080 - INFO - 🚀 Stanley fully loaded in 0.01 seconds!
2025-03-04 16:19:43,114 - INFO - Shard ID None session has been invalidated.
2025-03-04 16:19:48,456 - INFO - Shard ID None has connected to Gateway (Session ID: 627be8ade688e362d44d6676a8ca2ded).
2025-03-04 16:19:50,471 - INFO - 🎩 merchant_bot is online! Logged in as merchant_bot#0794
2025-03-04 16:19:50,472 - INFO - 🔄 Running setup_hook()...
2025-03-04 16:19:50,473 - ERROR - ❌ Failed to load admin_commands.py: Extension 'admin_commands' is already loaded.
2025-03-04 16:19:50,473 - ERROR - ❌ Failed to load economy.py: Extension 'economy' is already loaded.
2025-03-04 16:19:50,474 - ERROR - ❌ Failed to load shop_browse.py: Extension 'shop_browse' is already loaded.
2025-03-04 16:19:50,474 - ERROR - ❌ Failed to load shop_requests.py: Extension 'shop_requests' is already loaded.
2025-03-04 16:19:50,475 - ERROR - ❌ Failed to load shop_transactions.py: Extension 'shop_transactions' is already loaded.
2025-03-04 16:19:50,475 - INFO - 🚀 Stanley fully loaded in 0.00 seconds!
2025-03-04 16:38:24,024 - INFO - Shard ID None session has been invalidated.
2025-03-04 16:38:29,467 - INFO - Shard ID None has connected to Gateway (Session ID: 33dbc8a2eeb62c146a225808e69e35c7).
2025-03-04 16:38:31,488 - INFO - 🎩 merchant_bot is online! Logged in as merchant_bot#0794
2025-03-04 16:38:31,488 - INFO - 🔄 Running setup_hook()...
2025-03-04 16:38:31,489 - ERROR - ❌ Failed to load admin_commands.py: Extension 'admin_commands' is already loaded.
2025-03-04 16:38:31,489 - ERROR - ❌ Failed to load economy.py: Extension 'economy' is already loaded.
2025-03-04 16:38:31,489 - ERROR - ❌ Failed to load shop_browse.py: Extension 'shop_browse' is already loaded.
2025-03-04 16:38:31,489 - ERROR - ❌ Failed to load shop_requests.py: Extension 'shop_requests' is already loaded.
2025-03-04 16:38:31,490 - ERROR - ❌ Failed to load shop_transactions.py: Extension 'shop_transactions' is already loaded.
2025-03-04 16:38:31,490 - INFO - 🚀 Stanley fully loaded in 0.00 seconds!
2025-03-04 16:44:48,051 - INFO - Shard ID None session has been invalidated.
2025-03-04 16:44:53,775 - INFO - Shard ID None has connected to Gateway (Session ID: e13f775d663e53a6e866d8415081f77f).
2025-03-04 16:44:55,781 - INFO - 🎩 merchant_bot is online! Logged in as merchant_bot#0794
2025-03-04 16:44:55,781 - INFO - 🔄 Running setup_hook()...
2025-03-04 16:44:55,782 - ERROR - ❌ Failed to load admin_commands.py: Extension 'admin_commands' is already loaded.
2025-03-04 16:44:55,782 - ERROR - ❌ Failed to load economy.py: Extension 'economy' is already loaded.
2025-03-04 16:44:55,782 - ERROR - ❌ Failed to load shop_browse.py: Extension 'shop_browse' is already loaded.
2025-03-04 16:44:55,782 - ERROR - ❌ Failed to load shop_requests.py: Extension 'shop_requests' is already loaded.
2025-03-04 16:44:55,782 - ERROR - ❌ Failed to load shop_transactions.py: Extension 'shop_transactions' is already loaded.
2025-03-04 16:44:55,782 - INFO - 🚀 Stanley fully loaded in 0.00 seconds!
2025-03-04 19:10:37,822 - INFO - Shard ID None has successfully RESUMED session e13f775d663e53a6e866d8415081f77f.
2025-03-04 20:16:17,977 - ERROR - Attempting a reconnect in 0.15s
Traceback (most recent call last):
  File "/Users/brandireger/.pyenv/versions/3.10.4/lib/python3.10/site-packages/aiohttp/connector.py", line 1351, in _create_direct_connection
    hosts = await self._resolve_host(host, port, traces=traces)
  File "/Users/brandireger/.pyenv/versions/3.10.4/lib/python3.10/site-packages/aiohttp/connector.py", line 995, in _resolve_host
    return await asyncio.shield(resolved_host_task)
  File "/Users/brandireger/.pyenv/versions/3.10.4/lib/python3.10/site-packages/aiohttp/connector.py", line 1026, in _resolve_host_with_throttle
    addrs = await self._resolver.resolve(host, port, family=self._family)
  File "/Users/brandireger/.pyenv/versions/3.10.4/lib/python3.10/site-packages/aiohttp/resolver.py", line 36, in resolve
    infos = await self._loop.getaddrinfo(
  File "/Users/brandireger/.pyenv/versions/3.10.4/lib/python3.10/asyncio/base_events.py", line 860, in getaddrinfo
    return await self.run_in_executor(
  File "/Users/brandireger/.pyenv/versions/3.10.4/lib/python3.10/concurrent/futures/thread.py", line 58, in run
    result = self.fn(*self.args, **self.kwargs)
  File "/Users/brandireger/.pyenv/versions/3.10.4/lib/python3.10/socket.py", line 955, in getaddrinfo
    for res in _socket.getaddrinfo(host, port, family, type, proto, flags):
socket.gaierror: [Errno 8] nodename nor servname provided, or not known

The above exception was the direct cause of the following exception:

Traceback (most recent call last):
  File "/Users/brandireger/.pyenv/versions/3.10.4/lib/python3.10/site-packages/discord/client.py", line 701, in connect
    self.ws = await asyncio.wait_for(coro, timeout=60.0)
  File "/Users/brandireger/.pyenv/versions/3.10.4/lib/python3.10/asyncio/tasks.py", line 445, in wait_for
    return fut.result()
  File "/Users/brandireger/.pyenv/versions/3.10.4/lib/python3.10/site-packages/discord/gateway.py", line 375, in from_client
    socket = await client.http.ws_connect(str(url))
  File "/Users/brandireger/.pyenv/versions/3.10.4/lib/python3.10/site-packages/discord/http.py", line 554, in ws_connect
    return await self.__session.ws_connect(url, **kwargs)
  File "/Users/brandireger/.pyenv/versions/3.10.4/lib/python3.10/site-packages/aiohttp/client.py", line 1004, in _ws_connect
    resp = await self.request(
  File "/Users/brandireger/.pyenv/versions/3.10.4/lib/python3.10/site-packages/aiohttp/client.py", line 703, in _request
    conn = await self._connector.connect(
  File "/Users/brandireger/.pyenv/versions/3.10.4/lib/python3.10/site-packages/aiohttp/connector.py", line 548, in connect
    proto = await self._create_connection(req, traces, timeout)
  File "/Users/brandireger/.pyenv/versions/3.10.4/lib/python3.10/site-packages/aiohttp/connector.py", line 1056, in _create_connection
    _, proto = await self._create_direct_connection(req, traces, timeout)
  File "/Users/brandireger/.pyenv/versions/3.10.4/lib/python3.10/site-packages/aiohttp/connector.py", line 1357, in _create_direct_connection
    raise ClientConnectorDNSError(req.connection_key, exc) from exc
aiohttp.client_exceptions.ClientConnectorDNSError: Cannot connect to host gateway-us-east1-d.discord.gg:443 ssl:default [nodename nor servname provided, or not known]
2025-03-04 20:16:18,303 - ERROR - Attempting a reconnect in 1.28s
Traceback (most recent call last):
  File "/Users/brandireger/.pyenv/versions/3.10.4/lib/python3.10/site-packages/aiohttp/connector.py", line 1351, in _create_direct_connection
    hosts = await self._resolve_host(host, port, traces=traces)
  File "/Users/brandireger/.pyenv/versions/3.10.4/lib/python3.10/site-packages/aiohttp/connector.py", line 995, in _resolve_host
    return await asyncio.shield(resolved_host_task)
  File "/Users/brandireger/.pyenv/versions/3.10.4/lib/python3.10/site-packages/aiohttp/connector.py", line 1026, in _resolve_host_with_throttle
    addrs = await self._resolver.resolve(host, port, family=self._family)
  File "/Users/brandireger/.pyenv/versions/3.10.4/lib/python3.10/site-packages/aiohttp/resolver.py", line 36, in resolve
    infos = await self._loop.getaddrinfo(
  File "/Users/brandireger/.pyenv/versions/3.10.4/lib/python3.10/asyncio/base_events.py", line 860, in getaddrinfo
    return await self.run_in_executor(
  File "/Users/brandireger/.pyenv/versions/3.10.4/lib/python3.10/concurrent/futures/thread.py", line 58, in run
    result = self.fn(*self.args, **self.kwargs)
  File "/Users/brandireger/.pyenv/versions/3.10.4/lib/python3.10/socket.py", line 955, in getaddrinfo
    for res in _socket.getaddrinfo(host, port, family, type, proto, flags):
socket.gaierror: [Errno 8] nodename nor servname provided, or not known

The above exception was the direct cause of the following exception:

Traceback (most recent call last):
  File "/Users/brandireger/.pyenv/versions/3.10.4/lib/python3.10/site-packages/discord/client.py", line 701, in connect
    self.ws = await asyncio.wait_for(coro, timeout=60.0)
  File "/Users/brandireger/.pyenv/versions/3.10.4/lib/python3.10/asyncio/tasks.py", line 445, in wait_for
    return fut.result()
  File "/Users/brandireger/.pyenv/versions/3.10.4/lib/python3.10/site-packages/discord/gateway.py", line 375, in from_client
    socket = await client.http.ws_connect(str(url))
  File "/Users/brandireger/.pyenv/versions/3.10.4/lib/python3.10/site-packages/discord/http.py", line 554, in ws_connect
    return await self.__session.ws_connect(url, **kwargs)
  File "/Users/brandireger/.pyenv/versions/3.10.4/lib/python3.10/site-packages/aiohttp/client.py", line 1004, in _ws_connect
    resp = await self.request(
  File "/Users/brandireger/.pyenv/versions/3.10.4/lib/python3.10/site-packages/aiohttp/client.py", line 703, in _request
    conn = await self._connector.connect(
  File "/Users/brandireger/.pyenv/versions/3.10.4/lib/python3.10/site-packages/aiohttp/connector.py", line 548, in connect
    proto = await self._create_connection(req, traces, timeout)
  File "/Users/brandireger/.pyenv/versions/3.10.4/lib/python3.10/site-packages/aiohttp/connector.py", line 1056, in _create_connection
    _, proto = await self._create_direct_connection(req, traces, timeout)
  File "/Users/brandireger/.pyenv/versions/3.10.4/lib/python3.10/site-packages/aiohttp/connector.py", line 1357, in _create_direct_connection
    raise ClientConnectorDNSError(req.connection_key, exc) from exc
aiohttp.client_exceptions.ClientConnectorDNSError: Cannot connect to host gateway-us-east1-d.discord.gg:443 ssl:default [nodename nor servname provided, or not known]
2025-03-04 20:16:19,591 - ERROR - Attempting a reconnect in 5.13s
Traceback (most recent call last):
  File "/Users/brandireger/.pyenv/versions/3.10.4/lib/python3.10/site-packages/aiohttp/connector.py", line 1351, in _create_direct_connection
    hosts = await self._resolve_host(host, port, traces=traces)
  File "/Users/brandireger/.pyenv/versions/3.10.4/lib/python3.10/site-packages/aiohttp/connector.py", line 995, in _resolve_host
    return await asyncio.shield(resolved_host_task)
  File "/Users/brandireger/.pyenv/versions/3.10.4/lib/python3.10/site-packages/aiohttp/connector.py", line 1026, in _resolve_host_with_throttle
    addrs = await self._resolver.resolve(host, port, family=self._family)
  File "/Users/brandireger/.pyenv/versions/3.10.4/lib/python3.10/site-packages/aiohttp/resolver.py", line 36, in resolve
    infos = await self._loop.getaddrinfo(
  File "/Users/brandireger/.pyenv/versions/3.10.4/lib/python3.10/asyncio/base_events.py", line 860, in getaddrinfo
    return await self.run_in_executor(
  File "/Users/brandireger/.pyenv/versions/3.10.4/lib/python3.10/concurrent/futures/thread.py", line 58, in run
    result = self.fn(*self.args, **self.kwargs)
  File "/Users/brandireger/.pyenv/versions/3.10.4/lib/python3.10/socket.py", line 955, in getaddrinfo
    for res in _socket.getaddrinfo(host, port, family, type, proto, flags):
socket.gaierror: [Errno 8] nodename nor servname provided, or not known

The above exception was the direct cause of the following exception:

Traceback (most recent call last):
  File "/Users/brandireger/.pyenv/versions/3.10.4/lib/python3.10/site-packages/discord/client.py", line 701, in connect
    self.ws = await asyncio.wait_for(coro, timeout=60.0)
  File "/Users/brandireger/.pyenv/versions/3.10.4/lib/python3.10/asyncio/tasks.py", line 445, in wait_for
    return fut.result()
  File "/Users/brandireger/.pyenv/versions/3.10.4/lib/python3.10/site-packages/discord/gateway.py", line 375, in from_client
    socket = await client.http.ws_connect(str(url))
  File "/Users/brandireger/.pyenv/versions/3.10.4/lib/python3.10/site-packages/discord/http.py", line 554, in ws_connect
    return await self.__session.ws_connect(url, **kwargs)
  File "/Users/brandireger/.pyenv/versions/3.10.4/lib/python3.10/site-packages/aiohttp/client.py", line 1004, in _ws_connect
    resp = await self.request(
  File "/Users/brandireger/.pyenv/versions/3.10.4/lib/python3.10/site-packages/aiohttp/client.py", line 703, in _request
    conn = await self._connector.connect(
  File "/Users/brandireger/.pyenv/versions/3.10.4/lib/python3.10/site-packages/aiohttp/connector.py", line 548, in connect
    proto = await self._create_connection(req, traces, timeout)
  File "/Users/brandireger/.pyenv/versions/3.10.4/lib/python3.10/site-packages/aiohttp/connector.py", line 1056, in _create_connection
    _, proto = await self._create_direct_connection(req, traces, timeout)
  File "/Users/brandireger/.pyenv/versions/3.10.4/lib/python3.10/site-packages/aiohttp/connector.py", line 1357, in _create_direct_connection
    raise ClientConnectorDNSError(req.connection_key, exc) from exc
aiohttp.client_exceptions.ClientConnectorDNSError: Cannot connect to host gateway-us-east1-d.discord.gg:443 ssl:default [nodename nor servname provided, or not known]
2025-03-04 20:16:24,730 - ERROR - Attempting a reconnect in 3.97s
Traceback (most recent call last):
  File "/Users/brandireger/.pyenv/versions/3.10.4/lib/python3.10/site-packages/aiohttp/connector.py", line 1351, in _create_direct_connection
    hosts = await self._resolve_host(host, port, traces=traces)
  File "/Users/brandireger/.pyenv/versions/3.10.4/lib/python3.10/site-packages/aiohttp/connector.py", line 995, in _resolve_host
    return await asyncio.shield(resolved_host_task)
  File "/Users/brandireger/.pyenv/versions/3.10.4/lib/python3.10/site-packages/aiohttp/connector.py", line 1026, in _resolve_host_with_throttle
    addrs = await self._resolver.resolve(host, port, family=self._family)
  File "/Users/brandireger/.pyenv/versions/3.10.4/lib/python3.10/site-packages/aiohttp/resolver.py", line 36, in resolve
    infos = await self._loop.getaddrinfo(
  File "/Users/brandireger/.pyenv/versions/3.10.4/lib/python3.10/asyncio/base_events.py", line 860, in getaddrinfo
    return await self.run_in_executor(
  File "/Users/brandireger/.pyenv/versions/3.10.4/lib/python3.10/concurrent/futures/thread.py", line 58, in run
    result = self.fn(*self.args, **self.kwargs)
  File "/Users/brandireger/.pyenv/versions/3.10.4/lib/python3.10/socket.py", line 955, in getaddrinfo
    for res in _socket.getaddrinfo(host, port, family, type, proto, flags):
socket.gaierror: [Errno 8] nodename nor servname provided, or not known

The above exception was the direct cause of the following exception:

Traceback (most recent call last):
  File "/Users/brandireger/.pyenv/versions/3.10.4/lib/python3.10/site-packages/discord/client.py", line 701, in connect
    self.ws = await asyncio.wait_for(coro, timeout=60.0)
  File "/Users/brandireger/.pyenv/versions/3.10.4/lib/python3.10/asyncio/tasks.py", line 445, in wait_for
    return fut.result()
  File "/Users/brandireger/.pyenv/versions/3.10.4/lib/python3.10/site-packages/discord/gateway.py", line 375, in from_client
    socket = await client.http.ws_connect(str(url))
  File "/Users/brandireger/.pyenv/versions/3.10.4/lib/python3.10/site-packages/discord/http.py", line 554, in ws_connect
    return await self.__session.ws_connect(url, **kwargs)
  File "/Users/brandireger/.pyenv/versions/3.10.4/lib/python3.10/site-packages/aiohttp/client.py", line 1004, in _ws_connect
    resp = await self.request(
  File "/Users/brandireger/.pyenv/versions/3.10.4/lib/python3.10/site-packages/aiohttp/client.py", line 703, in _request
    conn = await self._connector.connect(
  File "/Users/brandireger/.pyenv/versions/3.10.4/lib/python3.10/site-packages/aiohttp/connector.py", line 548, in connect
    proto = await self._create_connection(req, traces, timeout)
  File "/Users/brandireger/.pyenv/versions/3.10.4/lib/python3.10/site-packages/aiohttp/connector.py", line 1056, in _create_connection
    _, proto = await self._create_direct_connection(req, traces, timeout)
  File "/Users/brandireger/.pyenv/versions/3.10.4/lib/python3.10/site-packages/aiohttp/connector.py", line 1357, in _create_direct_connection
    raise ClientConnectorDNSError(req.connection_key, exc) from exc
aiohttp.client_exceptions.ClientConnectorDNSError: Cannot connect to host gateway-us-east1-d.discord.gg:443 ssl:default [nodename nor servname provided, or not known]
2025-03-04 20:16:28,724 - ERROR - Attempting a reconnect in 24.90s
Traceback (most recent call last):
  File "/Users/brandireger/.pyenv/versions/3.10.4/lib/python3.10/site-packages/aiohttp/connector.py", line 1351, in _create_direct_connection
    hosts = await self._resolve_host(host, port, traces=traces)
  File "/Users/brandireger/.pyenv/versions/3.10.4/lib/python3.10/site-packages/aiohttp/connector.py", line 995, in _resolve_host
    return await asyncio.shield(resolved_host_task)
  File "/Users/brandireger/.pyenv/versions/3.10.4/lib/python3.10/site-packages/aiohttp/connector.py", line 1026, in _resolve_host_with_throttle
    addrs = await self._resolver.resolve(host, port, family=self._family)
  File "/Users/brandireger/.pyenv/versions/3.10.4/lib/python3.10/site-packages/aiohttp/resolver.py", line 36, in resolve
    infos = await self._loop.getaddrinfo(
  File "/Users/brandireger/.pyenv/versions/3.10.4/lib/python3.10/asyncio/base_events.py", line 860, in getaddrinfo
    return await self.run_in_executor(
  File "/Users/brandireger/.pyenv/versions/3.10.4/lib/python3.10/concurrent/futures/thread.py", line 58, in run
    result = self.fn(*self.args, **self.kwargs)
  File "/Users/brandireger/.pyenv/versions/3.10.4/lib/python3.10/socket.py", line 955, in getaddrinfo
    for res in _socket.getaddrinfo(host, port, family, type, proto, flags):
socket.gaierror: [Errno 8] nodename nor servname provided, or not known

The above exception was the direct cause of the following exception:

Traceback (most recent call last):
  File "/Users/brandireger/.pyenv/versions/3.10.4/lib/python3.10/site-packages/discord/client.py", line 701, in connect
    self.ws = await asyncio.wait_for(coro, timeout=60.0)
  File "/Users/brandireger/.pyenv/versions/3.10.4/lib/python3.10/asyncio/tasks.py", line 445, in wait_for
    return fut.result()
  File "/Users/brandireger/.pyenv/versions/3.10.4/lib/python3.10/site-packages/discord/gateway.py", line 375, in from_client
    socket = await client.http.ws_connect(str(url))
  File "/Users/brandireger/.pyenv/versions/3.10.4/lib/python3.10/site-packages/discord/http.py", line 554, in ws_connect
    return await self.__session.ws_connect(url, **kwargs)
  File "/Users/brandireger/.pyenv/versions/3.10.4/lib/python3.10/site-packages/aiohttp/client.py", line 1004, in _ws_connect
    resp = await self.request(
  File "/Users/brandireger/.pyenv/versions/3.10.4/lib/python3.10/site-packages/aiohttp/client.py", line 703, in _request
    conn = await self._connector.connect(
  File "/Users/brandireger/.pyenv/versions/3.10.4/lib/python3.10/site-packages/aiohttp/connector.py", line 548, in connect
    proto = await self._create_connection(req, traces, timeout)
  File "/Users/brandireger/.pyenv/versions/3.10.4/lib/python3.10/site-packages/aiohttp/connector.py", line 1056, in _create_connection
    _, proto = await self._create_direct_connection(req, traces, timeout)
  File "/Users/brandireger/.pyenv/versions/3.10.4/lib/python3.10/site-packages/aiohttp/connector.py", line 1357, in _create_direct_connection
    raise ClientConnectorDNSError(req.connection_key, exc) from exc
aiohttp.client_exceptions.ClientConnectorDNSError: Cannot connect to host gateway-us-east1-d.discord.gg:443 ssl:default [nodename nor servname provided, or not known]
2025-03-04 20:16:53,644 - ERROR - Attempting a reconnect in 31.01s
Traceback (most recent call last):
  File "/Users/brandireger/.pyenv/versions/3.10.4/lib/python3.10/site-packages/aiohttp/connector.py", line 1351, in _create_direct_connection
    hosts = await self._resolve_host(host, port, traces=traces)
  File "/Users/brandireger/.pyenv/versions/3.10.4/lib/python3.10/site-packages/aiohttp/connector.py", line 995, in _resolve_host
    return await asyncio.shield(resolved_host_task)
  File "/Users/brandireger/.pyenv/versions/3.10.4/lib/python3.10/site-packages/aiohttp/connector.py", line 1026, in _resolve_host_with_throttle
    addrs = await self._resolver.resolve(host, port, family=self._family)
  File "/Users/brandireger/.pyenv/versions/3.10.4/lib/python3.10/site-packages/aiohttp/resolver.py", line 36, in resolve
    infos = await self._loop.getaddrinfo(
  File "/Users/brandireger/.pyenv/versions/3.10.4/lib/python3.10/asyncio/base_events.py", line 860, in getaddrinfo
    return await self.run_in_executor(
  File "/Users/brandireger/.pyenv/versions/3.10.4/lib/python3.10/concurrent/futures/thread.py", line 58, in run
    result = self.fn(*self.args, **self.kwargs)
  File "/Users/brandireger/.pyenv/versions/3.10.4/lib/python3.10/socket.py", line 955, in getaddrinfo
    for res in _socket.getaddrinfo(host, port, family, type, proto, flags):
socket.gaierror: [Errno 8] nodename nor servname provided, or not known

The above exception was the direct cause of the following exception:

Traceback (most recent call last):
  File "/Users/brandireger/.pyenv/versions/3.10.4/lib/python3.10/site-packages/discord/client.py", line 701, in connect
    self.ws = await asyncio.wait_for(coro, timeout=60.0)
  File "/Users/brandireger/.pyenv/versions/3.10.4/lib/python3.10/asyncio/tasks.py", line 445, in wait_for
    return fut.result()
  File "/Users/brandireger/.pyenv/versions/3.10.4/lib/python3.10/site-packages/discord/gateway.py", line 375, in from_client
    socket = await client.http.ws_connect(str(url))
  File "/Users/brandireger/.pyenv/versions/3.10.4/lib/python3.10/site-packages/discord/http.py", line 554, in ws_connect
    return await self.__session.ws_connect(url, **kwargs)
  File "/Users/brandireger/.pyenv/versions/3.10.4/lib/python3.10/site-packages/aiohttp/client.py", line 1004, in _ws_connect
    resp = await self.request(
  File "/Users/brandireger/.pyenv/versions/3.10.4/lib/python3.10/site-packages/aiohttp/client.py", line 703, in _request
    conn = await self._connector.connect(
  File "/Users/brandireger/.pyenv/versions/3.10.4/lib/python3.10/site-packages/aiohttp/connector.py", line 548, in connect
    proto = await self._create_connection(req, traces, timeout)
  File "/Users/brandireger/.pyenv/versions/3.10.4/lib/python3.10/site-packages/aiohttp/connector.py", line 1056, in _create_connection
    _, proto = await self._create_direct_connection(req, traces, timeout)
  File "/Users/brandireger/.pyenv/versions/3.10.4/lib/python3.10/site-packages/aiohttp/connector.py", line 1357, in _create_direct_connection
    raise ClientConnectorDNSError(req.connection_key, exc) from exc
aiohttp.client_exceptions.ClientConnectorDNSError: Cannot connect to host gateway-us-east1-d.discord.gg:443 ssl:default [nodename nor servname provided, or not known]
2025-03-04 20:17:35,004 - INFO - Shard ID None session has been invalidated.
2025-03-04 20:17:40,749 - INFO - Shard ID None has connected to Gateway (Session ID: d4a781d9261823636b3c4c9473c8c7cd).
2025-03-04 20:17:42,767 - INFO - 🎩 merchant_bot is online! Logged in as merchant_bot#0794
2025-03-04 20:17:42,768 - INFO - 🔄 Running setup_hook()...
2025-03-04 20:17:42,768 - ERROR - ❌ Failed to load admin_commands.py: Extension 'admin_commands' is already loaded.
2025-03-04 20:17:42,768 - ERROR - ❌ Failed to load economy.py: Extension 'economy' is already loaded.
2025-03-04 20:17:42,769 - ERROR - ❌ Failed to load shop_browse.py: Extension 'shop_browse' is already loaded.
2025-03-04 20:17:42,769 - ERROR - ❌ Failed to load shop_requests.py: Extension 'shop_requests' is already loaded.
2025-03-04 20:17:42,769 - ERROR - ❌ Failed to load shop_transactions.py: Extension 'shop_transactions' is already loaded.
2025-03-04 20:17:42,769 - INFO - 🚀 Stanley fully loaded in 0.00 seconds!
2025-03-06 20:48:09,441 - WARNING - PyNaCl is not installed, voice will NOT be supported
2025-03-06 20:48:09,442 - INFO - logging in using static token
2025-03-06 20:48:10,124 - INFO - Shard ID None has connected to Gateway (Session ID: 66fb83a59f6ad95d295d4cdfa79d23cb).
2025-03-06 20:48:12,129 - INFO - 🎩 merchant_bot is online! Logged in as merchant_bot#0794
2025-03-06 20:48:12,132 - INFO - 🔄 Running setup_hook()...
2025-03-06 20:48:12,137 - INFO - ✅ Successfully loaded admin_commands.py
2025-03-06 20:48:12,139 - INFO - ✅ Successfully loaded economy.py
2025-03-06 20:48:12,140 - INFO - ✅ Successfully loaded shop_browse.py
2025-03-06 20:48:12,142 - INFO - ✅ Successfully loaded shop_requests.py
2025-03-06 20:48:12,142 - INFO - ✅ Successfully loaded shop_transactions.py
2025-03-06 20:48:12,142 - INFO - 🚀 Stanley fully loaded in 0.01 seconds!
2025-03-06 20:48:42,906 - INFO - ✅ Saved `gold_data.json` to `/Users/brandireger/Documents/Radiant Citadel/BotScripts/shared_inventories`.
